=== Docker Logs for service: bundles-python-builder-1 ===
Started at: 2026-01-05T22:50:05.501Z
Project: allTests
==================================================

[2026-01-05T22:50:06.512Z] [ERROR] time="2026-01-05T14:50:06-08:00" level=warning msg="The \"BUNDLES_DIR\" variable is not set. Defaulting to a blank string."
time="2026-01-05T14:50:06-08:00" level=warning msg="/Users/adam/Code/testeranto/testeranto/bundles/allTests-docker-compose.yml: the attribute `version` is obsolete, it will be ignored, please remove it to avoid potential confusion"
no such service: bundles-python-builder-1

[2026-01-05T22:50:06.895Z] [ERROR] time="2026-01-05T14:50:06-08:00" level=warning msg="The \"BUNDLES_DIR\" variable is not set. Defaulting to a blank string."
time="2026-01-05T14:50:06-08:00" level=warning msg="/Users/adam/Code/testeranto/testeranto/bundles/allTests-docker-compose.yml: the attribute `version` is obsolete, it will be ignored, please remove it to avoid potential confusion"
no such service: bundles-python-builder-1

[2026-01-05T22:50:07.863Z] [ERROR] time="2026-01-05T14:50:07-08:00" level=warning msg="The \"BUNDLES_DIR\" variable is not set. Defaulting to a blank string."
time="2026-01-05T14:50:07-08:00" level=warning msg="/Users/adam/Code/testeranto/testeranto/bundles/allTests-docker-compose.yml: the attribute `version` is obsolete, it will be ignored, please remove it to avoid potential confusion"
no such service: bundles-python-builder-1

[2026-01-05T22:50:09.784Z] [ERROR] time="2026-01-05T14:50:09-08:00" level=warning msg="The \"BUNDLES_DIR\" variable is not set. Defaulting to a blank string."
time="2026-01-05T14:50:09-08:00" level=warning msg="/Users/adam/Code/testeranto/testeranto/bundles/allTests-docker-compose.yml: the attribute `version` is obsolete, it will be ignored, please remove it to avoid potential confusion"
no such service: bundles-python-builder-1

[2026-01-05T22:50:11.848Z] [ERROR] time="2026-01-05T14:50:11-08:00" level=warning msg="The \"BUNDLES_DIR\" variable is not set. Defaulting to a blank string."
time="2026-01-05T14:50:11-08:00" level=warning msg="/Users/adam/Code/testeranto/testeranto/bundles/allTests-docker-compose.yml: the attribute `version` is obsolete, it will be ignored, please remove it to avoid potential confusion"
no such service: bundles-python-builder-1

[2026-01-05T22:50:13.864Z] [ERROR] time="2026-01-05T14:50:13-08:00" level=warning msg="The \"BUNDLES_DIR\" variable is not set. Defaulting to a blank string."
time="2026-01-05T14:50:13-08:00" level=warning msg="/Users/adam/Code/testeranto/testeranto/bundles/allTests-docker-compose.yml: the attribute `version` is obsolete, it will be ignored, please remove it to avoid potential confusion"
no such service: bundles-python-builder-1

[2026-01-05T22:50:15.770Z] [ERROR] time="2026-01-05T14:50:15-08:00" level=warning msg="The \"BUNDLES_DIR\" variable is not set. Defaulting to a blank string."
time="2026-01-05T14:50:15-08:00" level=warning msg="/Users/adam/Code/testeranto/testeranto/bundles/allTests-docker-compose.yml: the attribute `version` is obsolete, it will be ignored, please remove it to avoid potential confusion"
no such service: bundles-python-builder-1

[2026-01-05T22:50:17.850Z] [ERROR] time="2026-01-05T14:50:17-08:00" level=warning msg="The \"BUNDLES_DIR\" variable is not set. Defaulting to a blank string."
time="2026-01-05T14:50:17-08:00" level=warning msg="/Users/adam/Code/testeranto/testeranto/bundles/allTests-docker-compose.yml: the attribute `version` is obsolete, it will be ignored, please remove it to avoid potential confusion"
no such service: bundles-python-builder-1

[2026-01-05T22:50:19.809Z] [ERROR] time="2026-01-05T14:50:19-08:00" level=warning msg="The \"BUNDLES_DIR\" variable is not set. Defaulting to a blank string."
time="2026-01-05T14:50:19-08:00" level=warning msg="/Users/adam/Code/testeranto/testeranto/bundles/allTests-docker-compose.yml: the attribute `version` is obsolete, it will be ignored, please remove it to avoid potential confusion"
no such service: bundles-python-builder-1

[2026-01-05T22:50:21.834Z] [ERROR] time="2026-01-05T14:50:21-08:00" level=warning msg="The \"BUNDLES_DIR\" variable is not set. Defaulting to a blank string."
time="2026-01-05T14:50:21-08:00" level=warning msg="/Users/adam/Code/testeranto/testeranto/bundles/allTests-docker-compose.yml: the attribute `version` is obsolete, it will be ignored, please remove it to avoid potential confusion"
no such service: bundles-python-builder-1

[2026-01-05T22:50:22.593Z] [ERROR] time="2026-01-05T14:50:22-08:00" level=warning msg="The \"BUNDLES_DIR\" variable is not set. Defaulting to a blank string."
time="2026-01-05T14:50:22-08:00" level=warning msg="/Users/adam/Code/testeranto/testeranto/bundles/allTests-docker-compose.yml: the attribute `version` is obsolete, it will be ignored, please remove it to avoid potential confusion"
no such service: bundles-python-builder-1

[2026-01-05T22:50:23.928Z] [ERROR] time="2026-01-05T14:50:23-08:00" level=warning msg="The \"BUNDLES_DIR\" variable is not set. Defaulting to a blank string."
time="2026-01-05T14:50:23-08:00" level=warning msg="/Users/adam/Code/testeranto/testeranto/bundles/allTests-docker-compose.yml: the attribute `version` is obsolete, it will be ignored, please remove it to avoid potential confusion"
no such service: bundles-python-builder-1

[2026-01-05T22:50:25.794Z] [ERROR] time="2026-01-05T14:50:25-08:00" level=warning msg="The \"BUNDLES_DIR\" variable is not set. Defaulting to a blank string."
time="2026-01-05T14:50:25-08:00" level=warning msg="/Users/adam/Code/testeranto/testeranto/bundles/allTests-docker-compose.yml: the attribute `version` is obsolete, it will be ignored, please remove it to avoid potential confusion"
no such service: bundles-python-builder-1

[2026-01-05T22:50:27.760Z] [ERROR] time="2026-01-05T14:50:27-08:00" level=warning msg="The \"BUNDLES_DIR\" variable is not set. Defaulting to a blank string."
time="2026-01-05T14:50:27-08:00" level=warning msg="/Users/adam/Code/testeranto/testeranto/bundles/allTests-docker-compose.yml: the attribute `version` is obsolete, it will be ignored, please remove it to avoid potential confusion"
no such service: bundles-python-builder-1

[2026-01-05T22:50:29.793Z] [ERROR] time="2026-01-05T14:50:29-08:00" level=warning msg="The \"BUNDLES_DIR\" variable is not set. Defaulting to a blank string."
time="2026-01-05T14:50:29-08:00" level=warning msg="/Users/adam/Code/testeranto/testeranto/bundles/allTests-docker-compose.yml: the attribute `version` is obsolete, it will be ignored, please remove it to avoid potential confusion"
no such service: bundles-python-builder-1

[2026-01-05T22:50:31.877Z] [ERROR] time="2026-01-05T14:50:31-08:00" level=warning msg="The \"BUNDLES_DIR\" variable is not set. Defaulting to a blank string."
time="2026-01-05T14:50:31-08:00" level=warning msg="/Users/adam/Code/testeranto/testeranto/bundles/allTests-docker-compose.yml: the attribute `version` is obsolete, it will be ignored, please remove it to avoid potential confusion"
no such service: bundles-python-builder-1

[2026-01-05T22:50:33.778Z] [ERROR] time="2026-01-05T14:50:33-08:00" level=warning msg="The \"BUNDLES_DIR\" variable is not set. Defaulting to a blank string."
time="2026-01-05T14:50:33-08:00" level=warning msg="/Users/adam/Code/testeranto/testeranto/bundles/allTests-docker-compose.yml: the attribute `version` is obsolete, it will be ignored, please remove it to avoid potential confusion"
no such service: bundles-python-builder-1

[2026-01-05T22:50:35.798Z] [ERROR] time="2026-01-05T14:50:35-08:00" level=warning msg="The \"BUNDLES_DIR\" variable is not set. Defaulting to a blank string."
time="2026-01-05T14:50:35-08:00" level=warning msg="/Users/adam/Code/testeranto/testeranto/bundles/allTests-docker-compose.yml: the attribute `version` is obsolete, it will be ignored, please remove it to avoid potential confusion"
no such service: bundles-python-builder-1

[2026-01-05T22:50:41.172Z] [ERROR] time="2026-01-05T14:50:41-08:00" level=warning msg="The \"BUNDLES_DIR\" variable is not set. Defaulting to a blank string."
time="2026-01-05T14:50:41-08:00" level=warning msg="/Users/adam/Code/testeranto/testeranto/bundles/allTests-docker-compose.yml: the attribute `version` is obsolete, it will be ignored, please remove it to avoid potential confusion"
no such service: bundles-python-builder-1

[2026-01-05T22:50:46.165Z] [ERROR] time="2026-01-05T14:50:46-08:00" level=warning msg="The \"BUNDLES_DIR\" variable is not set. Defaulting to a blank string."
time="2026-01-05T14:50:46-08:00" level=warning msg="/Users/adam/Code/testeranto/testeranto/bundles/allTests-docker-compose.yml: the attribute `version` is obsolete, it will be ignored, please remove it to avoid potential confusion"
no such service: bundles-python-builder-1

[2026-01-05T22:50:51.164Z] [ERROR] time="2026-01-05T14:50:51-08:00" level=warning msg="The \"BUNDLES_DIR\" variable is not set. Defaulting to a blank string."
time="2026-01-05T14:50:51-08:00" level=warning msg="/Users/adam/Code/testeranto/testeranto/bundles/allTests-docker-compose.yml: the attribute `version` is obsolete, it will be ignored, please remove it to avoid potential confusion"
no such service: bundles-python-builder-1

[2026-01-05T22:50:56.172Z] [ERROR] time="2026-01-05T14:50:56-08:00" level=warning msg="The \"BUNDLES_DIR\" variable is not set. Defaulting to a blank string."
time="2026-01-05T14:50:56-08:00" level=warning msg="/Users/adam/Code/testeranto/testeranto/bundles/allTests-docker-compose.yml: the attribute `version` is obsolete, it will be ignored, please remove it to avoid potential confusion"
no such service: bundles-python-builder-1

[2026-01-05T22:51:01.183Z] [ERROR] time="2026-01-05T14:51:01-08:00" level=warning msg="The \"BUNDLES_DIR\" variable is not set. Defaulting to a blank string."
time="2026-01-05T14:51:01-08:00" level=warning msg="/Users/adam/Code/testeranto/testeranto/bundles/allTests-docker-compose.yml: the attribute `version` is obsolete, it will be ignored, please remove it to avoid potential confusion"
no such service: bundles-python-builder-1

[2026-01-05T22:51:06.193Z] [ERROR] time="2026-01-05T14:51:06-08:00" level=warning msg="The \"BUNDLES_DIR\" variable is not set. Defaulting to a blank string."
time="2026-01-05T14:51:06-08:00" level=warning msg="/Users/adam/Code/testeranto/testeranto/bundles/allTests-docker-compose.yml: the attribute `version` is obsolete, it will be ignored, please remove it to avoid potential confusion"
no such service: bundles-python-builder-1

[2026-01-05T22:51:11.181Z] [ERROR] time="2026-01-05T14:51:11-08:00" level=warning msg="The \"BUNDLES_DIR\" variable is not set. Defaulting to a blank string."
time="2026-01-05T14:51:11-08:00" level=warning msg="/Users/adam/Code/testeranto/testeranto/bundles/allTests-docker-compose.yml: the attribute `version` is obsolete, it will be ignored, please remove it to avoid potential confusion"
no such service: bundles-python-builder-1

[2026-01-05T22:51:16.183Z] [ERROR] time="2026-01-05T14:51:16-08:00" level=warning msg="The \"BUNDLES_DIR\" variable is not set. Defaulting to a blank string."
time="2026-01-05T14:51:16-08:00" level=warning msg="/Users/adam/Code/testeranto/testeranto/bundles/allTests-docker-compose.yml: the attribute `version` is obsolete, it will be ignored, please remove it to avoid potential confusion"
no such service: bundles-python-builder-1

[2026-01-05T22:51:21.176Z] [ERROR] time="2026-01-05T14:51:21-08:00" level=warning msg="The \"BUNDLES_DIR\" variable is not set. Defaulting to a blank string."
time="2026-01-05T14:51:21-08:00" level=warning msg="/Users/adam/Code/testeranto/testeranto/bundles/allTests-docker-compose.yml: the attribute `version` is obsolete, it will be ignored, please remove it to avoid potential confusion"
no such service: bundles-python-builder-1

[2026-01-05T22:51:26.179Z] [ERROR] time="2026-01-05T14:51:26-08:00" level=warning msg="The \"BUNDLES_DIR\" variable is not set. Defaulting to a blank string."
time="2026-01-05T14:51:26-08:00" level=warning msg="/Users/adam/Code/testeranto/testeranto/bundles/allTests-docker-compose.yml: the attribute `version` is obsolete, it will be ignored, please remove it to avoid potential confusion"
no such service: bundles-python-builder-1

[2026-01-05T22:51:31.345Z] [ERROR] time="2026-01-05T14:51:31-08:00" level=warning msg="The \"BUNDLES_DIR\" variable is not set. Defaulting to a blank string."
time="2026-01-05T14:51:31-08:00" level=warning msg="/Users/adam/Code/testeranto/testeranto/bundles/allTests-docker-compose.yml: the attribute `version` is obsolete, it will be ignored, please remove it to avoid potential confusion"
no such service: bundles-python-builder-1

[2026-01-05T22:51:36.199Z] [ERROR] time="2026-01-05T14:51:36-08:00" level=warning msg="The \"BUNDLES_DIR\" variable is not set. Defaulting to a blank string."
time="2026-01-05T14:51:36-08:00" level=warning msg="/Users/adam/Code/testeranto/testeranto/bundles/allTests-docker-compose.yml: the attribute `version` is obsolete, it will be ignored, please remove it to avoid potential confusion"
no such service: bundles-python-builder-1

[2026-01-05T22:51:41.185Z] [ERROR] time="2026-01-05T14:51:41-08:00" level=warning msg="The \"BUNDLES_DIR\" variable is not set. Defaulting to a blank string."
time="2026-01-05T14:51:41-08:00" level=warning msg="/Users/adam/Code/testeranto/testeranto/bundles/allTests-docker-compose.yml: the attribute `version` is obsolete, it will be ignored, please remove it to avoid potential confusion"
no such service: bundles-python-builder-1

[2026-01-05T22:51:46.191Z] [ERROR] time="2026-01-05T14:51:46-08:00" level=warning msg="The \"BUNDLES_DIR\" variable is not set. Defaulting to a blank string."
time="2026-01-05T14:51:46-08:00" level=warning msg="/Users/adam/Code/testeranto/testeranto/bundles/allTests-docker-compose.yml: the attribute `version` is obsolete, it will be ignored, please remove it to avoid potential confusion"
no such service: bundles-python-builder-1

[2026-01-05T22:51:51.198Z] [ERROR] time="2026-01-05T14:51:51-08:00" level=warning msg="The \"BUNDLES_DIR\" variable is not set. Defaulting to a blank string."
time="2026-01-05T14:51:51-08:00" level=warning msg="/Users/adam/Code/testeranto/testeranto/bundles/allTests-docker-compose.yml: the attribute `version` is obsolete, it will be ignored, please remove it to avoid potential confusion"
no such service: bundles-python-builder-1

[2026-01-05T22:51:56.185Z] [ERROR] time="2026-01-05T14:51:56-08:00" level=warning msg="The \"BUNDLES_DIR\" variable is not set. Defaulting to a blank string."
time="2026-01-05T14:51:56-08:00" level=warning msg="/Users/adam/Code/testeranto/testeranto/bundles/allTests-docker-compose.yml: the attribute `version` is obsolete, it will be ignored, please remove it to avoid potential confusion"
no such service: bundles-python-builder-1

[2026-01-05T22:52:01.190Z] [ERROR] time="2026-01-05T14:52:01-08:00" level=warning msg="The \"BUNDLES_DIR\" variable is not set. Defaulting to a blank string."
time="2026-01-05T14:52:01-08:00" level=warning msg="/Users/adam/Code/testeranto/testeranto/bundles/allTests-docker-compose.yml: the attribute `version` is obsolete, it will be ignored, please remove it to avoid potential confusion"
no such service: bundles-python-builder-1

[2026-01-05T22:52:06.465Z] [ERROR] time="2026-01-05T14:52:06-08:00" level=warning msg="The \"BUNDLES_DIR\" variable is not set. Defaulting to a blank string."
time="2026-01-05T14:52:06-08:00" level=warning msg="/Users/adam/Code/testeranto/testeranto/bundles/allTests-docker-compose.yml: the attribute `version` is obsolete, it will be ignored, please remove it to avoid potential confusion"
no such service: bundles-python-builder-1

[2026-01-05T22:52:11.191Z] [ERROR] time="2026-01-05T14:52:11-08:00" level=warning msg="The \"BUNDLES_DIR\" variable is not set. Defaulting to a blank string."
time="2026-01-05T14:52:11-08:00" level=warning msg="/Users/adam/Code/testeranto/testeranto/bundles/allTests-docker-compose.yml: the attribute `version` is obsolete, it will be ignored, please remove it to avoid potential confusion"
no such service: bundles-python-builder-1

[2026-01-05T22:52:16.200Z] [ERROR] time="2026-01-05T14:52:16-08:00" level=warning msg="The \"BUNDLES_DIR\" variable is not set. Defaulting to a blank string."
time="2026-01-05T14:52:16-08:00" level=warning msg="/Users/adam/Code/testeranto/testeranto/bundles/allTests-docker-compose.yml: the attribute `version` is obsolete, it will be ignored, please remove it to avoid potential confusion"
no such service: bundles-python-builder-1

[2026-01-05T22:52:21.183Z] [ERROR] time="2026-01-05T14:52:21-08:00" level=warning msg="The \"BUNDLES_DIR\" variable is not set. Defaulting to a blank string."
time="2026-01-05T14:52:21-08:00" level=warning msg="/Users/adam/Code/testeranto/testeranto/bundles/allTests-docker-compose.yml: the attribute `version` is obsolete, it will be ignored, please remove it to avoid potential confusion"
no such service: bundles-python-builder-1

[2026-01-05T22:52:26.180Z] [ERROR] time="2026-01-05T14:52:26-08:00" level=warning msg="The \"BUNDLES_DIR\" variable is not set. Defaulting to a blank string."
time="2026-01-05T14:52:26-08:00" level=warning msg="/Users/adam/Code/testeranto/testeranto/bundles/allTests-docker-compose.yml: the attribute `version` is obsolete, it will be ignored, please remove it to avoid potential confusion"
no such service: bundles-python-builder-1

[2026-01-05T22:52:31.270Z] [ERROR] time="2026-01-05T14:52:31-08:00" level=warning msg="The \"BUNDLES_DIR\" variable is not set. Defaulting to a blank string."
time="2026-01-05T14:52:31-08:00" level=warning msg="/Users/adam/Code/testeranto/testeranto/bundles/allTests-docker-compose.yml: the attribute `version` is obsolete, it will be ignored, please remove it to avoid potential confusion"
no such service: bundles-python-builder-1

[2026-01-05T22:52:36.194Z] [ERROR] time="2026-01-05T14:52:36-08:00" level=warning msg="The \"BUNDLES_DIR\" variable is not set. Defaulting to a blank string."
time="2026-01-05T14:52:36-08:00" level=warning msg="/Users/adam/Code/testeranto/testeranto/bundles/allTests-docker-compose.yml: the attribute `version` is obsolete, it will be ignored, please remove it to avoid potential confusion"
no such service: bundles-python-builder-1

[2026-01-05T22:52:41.197Z] [ERROR] time="2026-01-05T14:52:41-08:00" level=warning msg="The \"BUNDLES_DIR\" variable is not set. Defaulting to a blank string."
time="2026-01-05T14:52:41-08:00" level=warning msg="/Users/adam/Code/testeranto/testeranto/bundles/allTests-docker-compose.yml: the attribute `version` is obsolete, it will be ignored, please remove it to avoid potential confusion"
no such service: bundles-python-builder-1

[2026-01-05T22:52:46.223Z] [ERROR] time="2026-01-05T14:52:46-08:00" level=warning msg="The \"BUNDLES_DIR\" variable is not set. Defaulting to a blank string."
time="2026-01-05T14:52:46-08:00" level=warning msg="/Users/adam/Code/testeranto/testeranto/bundles/allTests-docker-compose.yml: the attribute `version` is obsolete, it will be ignored, please remove it to avoid potential confusion"
no such service: bundles-python-builder-1

[2026-01-05T22:52:51.281Z] [ERROR] time="2026-01-05T14:52:51-08:00" level=warning msg="The \"BUNDLES_DIR\" variable is not set. Defaulting to a blank string."
time="2026-01-05T14:52:51-08:00" level=warning msg="/Users/adam/Code/testeranto/testeranto/bundles/allTests-docker-compose.yml: the attribute `version` is obsolete, it will be ignored, please remove it to avoid potential confusion"
no such service: bundles-python-builder-1

[2026-01-05T22:52:56.200Z] [ERROR] time="2026-01-05T14:52:56-08:00" level=warning msg="The \"BUNDLES_DIR\" variable is not set. Defaulting to a blank string."
time="2026-01-05T14:52:56-08:00" level=warning msg="/Users/adam/Code/testeranto/testeranto/bundles/allTests-docker-compose.yml: the attribute `version` is obsolete, it will be ignored, please remove it to avoid potential confusion"
no such service: bundles-python-builder-1

[2026-01-05T22:53:01.321Z] [ERROR] time="2026-01-05T14:53:01-08:00" level=warning msg="The \"BUNDLES_DIR\" variable is not set. Defaulting to a blank string."
time="2026-01-05T14:53:01-08:00" level=warning msg="/Users/adam/Code/testeranto/testeranto/bundles/allTests-docker-compose.yml: the attribute `version` is obsolete, it will be ignored, please remove it to avoid potential confusion"
no such service: bundles-python-builder-1

[2026-01-05T22:53:06.250Z] [ERROR] time="2026-01-05T14:53:06-08:00" level=warning msg="The \"BUNDLES_DIR\" variable is not set. Defaulting to a blank string."
time="2026-01-05T14:53:06-08:00" level=warning msg="/Users/adam/Code/testeranto/testeranto/bundles/allTests-docker-compose.yml: the attribute `version` is obsolete, it will be ignored, please remove it to avoid potential confusion"
no such service: bundles-python-builder-1

[2026-01-05T22:53:11.277Z] [ERROR] time="2026-01-05T14:53:11-08:00" level=warning msg="The \"BUNDLES_DIR\" variable is not set. Defaulting to a blank string."
time="2026-01-05T14:53:11-08:00" level=warning msg="/Users/adam/Code/testeranto/testeranto/bundles/allTests-docker-compose.yml: the attribute `version` is obsolete, it will be ignored, please remove it to avoid potential confusion"
no such service: bundles-python-builder-1

[2026-01-05T22:53:16.203Z] [ERROR] time="2026-01-05T14:53:16-08:00" level=warning msg="The \"BUNDLES_DIR\" variable is not set. Defaulting to a blank string."
time="2026-01-05T14:53:16-08:00" level=warning msg="/Users/adam/Code/testeranto/testeranto/bundles/allTests-docker-compose.yml: the attribute `version` is obsolete, it will be ignored, please remove it to avoid potential confusion"
no such service: bundles-python-builder-1

[2026-01-05T22:53:21.202Z] [ERROR] time="2026-01-05T14:53:21-08:00" level=warning msg="The \"BUNDLES_DIR\" variable is not set. Defaulting to a blank string."
time="2026-01-05T14:53:21-08:00" level=warning msg="/Users/adam/Code/testeranto/testeranto/bundles/allTests-docker-compose.yml: the attribute `version` is obsolete, it will be ignored, please remove it to avoid potential confusion"
no such service: bundles-python-builder-1

[2026-01-05T22:53:26.188Z] [ERROR] time="2026-01-05T14:53:26-08:00" level=warning msg="The \"BUNDLES_DIR\" variable is not set. Defaulting to a blank string."
time="2026-01-05T14:53:26-08:00" level=warning msg="/Users/adam/Code/testeranto/testeranto/bundles/allTests-docker-compose.yml: the attribute `version` is obsolete, it will be ignored, please remove it to avoid potential confusion"
no such service: bundles-python-builder-1

[2026-01-05T22:53:31.235Z] [ERROR] time="2026-01-05T14:53:31-08:00" level=warning msg="The \"BUNDLES_DIR\" variable is not set. Defaulting to a blank string."
time="2026-01-05T14:53:31-08:00" level=warning msg="/Users/adam/Code/testeranto/testeranto/bundles/allTests-docker-compose.yml: the attribute `version` is obsolete, it will be ignored, please remove it to avoid potential confusion"
no such service: bundles-python-builder-1

[2026-01-05T22:53:36.211Z] [ERROR] time="2026-01-05T14:53:36-08:00" level=warning msg="The \"BUNDLES_DIR\" variable is not set. Defaulting to a blank string."
time="2026-01-05T14:53:36-08:00" level=warning msg="/Users/adam/Code/testeranto/testeranto/bundles/allTests-docker-compose.yml: the attribute `version` is obsolete, it will be ignored, please remove it to avoid potential confusion"
no such service: bundles-python-builder-1

[2026-01-05T22:53:41.200Z] [ERROR] time="2026-01-05T14:53:41-08:00" level=warning msg="The \"BUNDLES_DIR\" variable is not set. Defaulting to a blank string."
time="2026-01-05T14:53:41-08:00" level=warning msg="/Users/adam/Code/testeranto/testeranto/bundles/allTests-docker-compose.yml: the attribute `version` is obsolete, it will be ignored, please remove it to avoid potential confusion"
no such service: bundles-python-builder-1

[2026-01-05T22:53:46.219Z] [ERROR] time="2026-01-05T14:53:46-08:00" level=warning msg="The \"BUNDLES_DIR\" variable is not set. Defaulting to a blank string."
time="2026-01-05T14:53:46-08:00" level=warning msg="/Users/adam/Code/testeranto/testeranto/bundles/allTests-docker-compose.yml: the attribute `version` is obsolete, it will be ignored, please remove it to avoid potential confusion"
no such service: bundles-python-builder-1

[2026-01-05T22:53:51.216Z] [ERROR] time="2026-01-05T14:53:51-08:00" level=warning msg="The \"BUNDLES_DIR\" variable is not set. Defaulting to a blank string."
time="2026-01-05T14:53:51-08:00" level=warning msg="/Users/adam/Code/testeranto/testeranto/bundles/allTests-docker-compose.yml: the attribute `version` is obsolete, it will be ignored, please remove it to avoid potential confusion"
no such service: bundles-python-builder-1

[2026-01-05T22:53:56.230Z] [ERROR] time="2026-01-05T14:53:56-08:00" level=warning msg="The \"BUNDLES_DIR\" variable is not set. Defaulting to a blank string."
time="2026-01-05T14:53:56-08:00" level=warning msg="/Users/adam/Code/testeranto/testeranto/bundles/allTests-docker-compose.yml: the attribute `version` is obsolete, it will be ignored, please remove it to avoid potential confusion"
no such service: bundles-python-builder-1

[2026-01-05T22:54:01.250Z] [ERROR] time="2026-01-05T14:54:01-08:00" level=warning msg="The \"BUNDLES_DIR\" variable is not set. Defaulting to a blank string."
time="2026-01-05T14:54:01-08:00" level=warning msg="/Users/adam/Code/testeranto/testeranto/bundles/allTests-docker-compose.yml: the attribute `version` is obsolete, it will be ignored, please remove it to avoid potential confusion"
no such service: bundles-python-builder-1

[2026-01-05T22:54:06.220Z] [ERROR] time="2026-01-05T14:54:06-08:00" level=warning msg="The \"BUNDLES_DIR\" variable is not set. Defaulting to a blank string."
time="2026-01-05T14:54:06-08:00" level=warning msg="/Users/adam/Code/testeranto/testeranto/bundles/allTests-docker-compose.yml: the attribute `version` is obsolete, it will be ignored, please remove it to avoid potential confusion"
no such service: bundles-python-builder-1

[2026-01-05T22:54:11.264Z] [ERROR] time="2026-01-05T14:54:11-08:00" level=warning msg="The \"BUNDLES_DIR\" variable is not set. Defaulting to a blank string."
time="2026-01-05T14:54:11-08:00" level=warning msg="/Users/adam/Code/testeranto/testeranto/bundles/allTests-docker-compose.yml: the attribute `version` is obsolete, it will be ignored, please remove it to avoid potential confusion"
no such service: bundles-python-builder-1

