[2026-01-13T00:53:15.235Z] [stdout] Starting command: yarn tsc --noEmit src/lib/tiposkripto/Tiposkripto.ts example/Calculator.ts example/Calculator.test.adapter.ts example/Calculator.test.implementation.ts example/Calculator.test.specification.ts example/Calculator.test.ts
[2026-01-13T00:53:16.196Z] [stdout] Starting command: yarn tsc --noEmit src/lib/tiposkripto/Tiposkripto.ts example/Calculator.ts example/Calculator.test.adapter.ts example/Calculator.test.implementation.ts example/Calculator.test.specification.ts example/Calculator.test.ts
[2026-01-13T00:53:18.076Z] [stdout] Starting command: yarn tsc --noEmit src/lib/tiposkripto/Tiposkripto.ts example/Calculator.ts example/Calculator.test.adapter.ts example/Calculator.test.implementation.ts example/Calculator.test.specification.ts example/Calculator.test.ts
[2026-01-13T00:53:20.178Z] [stdout] Starting command: yarn tsc --noEmit src/lib/tiposkripto/Tiposkripto.ts example/Calculator.ts example/Calculator.test.adapter.ts example/Calculator.test.implementation.ts example/Calculator.test.specification.ts example/Calculator.test.ts
[2026-01-13T00:53:23.323Z] [stdout] Starting command: yarn tsc --noEmit src/lib/tiposkripto/Tiposkripto.ts example/Calculator.ts example/Calculator.test.adapter.ts example/Calculator.test.implementation.ts example/Calculator.test.specification.ts example/Calculator.test.ts
[2026-01-13T00:53:26.778Z] [stdout] $ /Users/adam/Code/testeranto/node_modules/.bin/tsc --noEmit src/lib/tiposkripto/Tiposkripto.ts example/Calculator.ts example/Calculator.test.adapter.ts example/Calculator.test.implementation.ts example/Calculator.test.specification.ts example/Calculator.test.ts
example/Calculator.test.adapter.ts(8,3): error TS2322: Type '(subject: typeof Calculator, initializer: (c?: any) => () => Calculator, testResource: ITestResourceConfiguration, initialValues: any) => Promise<() => Calculator>' is not assignable to type '(subject: typeof Calculator, initializer: (c?: any) => () => Calculator, testResource: ITestResourceConfiguration, initialValues: any) => Promise<Calculator>'.
  Type 'Promise<() => Calculator>' is not assignable to type 'Promise<Calculator>'.
    Type '() => Calculator' is not assignable to type 'Calculator'.
example/Calculator.test.adapter.ts(44,3): error TS2322: Type '(actual: string) => string' is not assignable to type '(x: (calculator: Calculator) => void) => any'.
  Types of parameters 'actual' and 'x' are incompatible.
    Type '(calculator: Calculator) => void' is not assignable to type 'string'.
example/Calculator.test.implementation.ts(8,5): error TS2322: Type '{ description: string; }' is not assignable to type 'string'.
example/Calculator.test.ts(1,26): error TS2307: Cannot find module '../src/lib/tiposkripto/Analyzer' or its corresponding type declarations.
node_modules/@types/react-transition-group/TransitionGroup.d.ts(1,34): error TS2305: Module '"react"' has no exported member 'JSX'.
node_modules/@types/react/index.d.ts(41,53): error TS2307: Cannot find module 'scheduler/tracing' or its corresponding type declarations.
src/CoreTypes.ts(1,44): error TS2307: Cannot find module './tiposkripto' or its corresponding type declarations.
src/CoreTypes.ts(2,27): error TS2307: Cannot find module './tiposkripto/BaseSuite' or its corresponding type declarations.
src/lib/tiposkripto/BaseGiven.ts(1,34): error TS2307: Cannot find module '../CoreTypes' or its corresponding type declarations.
src/lib/tiposkripto/BaseGiven.ts(54,10): error TS2551: Property 'fails' does not exist on type 'BaseGiven<I>'. Did you mean 'fail'?
src/lib/tiposkripto/BaseGiven.ts(103,10): error TS2551: Property 'fails' does not exist on type 'BaseGiven<I>'. Did you mean 'fail'?
src/lib/tiposkripto/BaseGiven.ts(124,12): error TS2551: Property 'fails' does not exist on type 'BaseGiven<I>'. Did you mean 'fail'?
src/lib/tiposkripto/BaseGiven.ts(130,41): error TS2802: Type 'ArrayIterator<[number, any]>' can only be iterated through when using the '--downlevelIteration' flag or with a '--target' of 'es2015' or higher.
src/lib/tiposkripto/BaseGiven.ts(142,16): error TS2551: Property 'fails' does not exist on type 'BaseGiven<I>'. Did you mean 'fail'?
src/lib/tiposkripto/BaseGiven.ts(153,20): error TS2554: Expected 3 arguments, but got 2.
src/lib/tiposkripto/BaseGiven.ts(156,14): error TS2551: Property 'fails' does not exist on type 'BaseGiven<I>'. Did you mean 'fail'?
src/lib/tiposkripto/BaseSuite.ts(2,43): error TS2307: Cannot find module '../CoreTypes' or its corresponding type declarations.
src/lib/tiposkripto/BaseSuite.ts(66,26): error TS2339: Property 'name' does not exist on type 'never'.
src/lib/tiposkripto/BaseSuite.ts(136,32): error TS2554: Expected 3 arguments, but got 2.
src/lib/tiposkripto/BaseSuite.ts(146,34): error TS2554: Expected 6 arguments, but got 5.
src/lib/tiposkripto/BaseSuite.ts(154,29): error TS2551: Property 'fails' does not exist on type 'BaseGiven<I>'. Did you mean 'fail'?
src/lib/tiposkripto/BaseSuite.ts(160,19): error TS2551: Property 'fails' does not exist on type 'BaseGiven<I>'. Did you mean 'fail'?
src/lib/tiposkripto/BaseSuite.ts(161,31): error TS2551: Property 'fails' does not exist on type 'BaseGiven<I>'. Did you mean 'fail'?
src/lib/tiposkripto/BaseSuite.ts(176,12): error TS2554: Expected 2 arguments, but got 1.
src/lib/tiposkripto/BaseThen.ts(2,34): error TS2307: Cannot find module '../CoreTypes' or its corresponding type declarations.
src/lib/tiposkripto/BaseTiposkripto.ts(64,10): error TS2339: Property 'testResourceConfiguration' does not exist on type 'BaseTiposkripto<I, O, M>'.
src/lib/tiposkripto/BaseTiposkripto.ts(90,19): error TS2416: Property 'setup' in type '(Anonymous class)' is not assignable to the same property in base type 'BaseSuite<I, O>'.
  Type '(s: I["iinput"], tr: ITestResourceConfiguration) => Promise<I["isubject"]>' is not assignable to type '(s: I["iinput"], artifactory: ITestArtifactory, tr: ITestResourceConfiguration) => Promise<I["isubject"]>'.
    Types of parameters 'tr' and 'artifactory' are incompatible.
      Type 'ITestArtifactory' is not assignable to type 'ITestResourceConfiguration'.
src/lib/tiposkripto/BaseTiposkripto.ts(190,7): error TS2345: Argument of type 'Record<string, any>' is not assignable to parameter of type 'SuiteSpecification<I, O>'.
src/lib/tiposkripto/BaseTiposkripto.ts(211,17): error TS2345: Argument of type 'ITestResourceConfiguration | { name: string; fs: string; ports: undefined[]; timeout: number; retries: number; environment: {}; }' is not assignable to parameter of type 'ITestResourceConfiguration'.
  Object literal may only specify known properties, and 'timeout' does not exist in type 'ITestResourceConfiguration'.
src/lib/tiposkripto/BaseTiposkripto.ts(274,10): error TS2554: Expected 1 arguments, but got 0.
src/lib/tiposkripto/index.ts(27,12): error TS2349: This expression is not callable.
  Type '{}' has no call signatures.
src/lib/tiposkripto/index.ts(34,12): error TS2349: This expression is not callable.
  Type '{}' has no call signatures.
src/lib/tiposkripto/Node.ts(1,8): error TS1192: Module '"fs"' has no default export.
src/lib/tiposkripto/Node.ts(31,7): error TS2345: Argument of type 'ITestImplementation<I, O, M>' is not assignable to parameter of type 'Omit<{ suites: TestSuiteImplementation<O>; givens: TestGivenImplementation<I, O>; whens: TestWhenImplementation<I, O>; thens: TestThenImplementation<...>; }, keyof M> & M & { ...; }'.
  Type 'Omit<{ suites: TestSuiteImplementation<O>; givens: TestGivenImplementation<I, O>; whens: TestWhenImplementation<I, O>; thens: TestThenImplementation<...>; }, keyof M>' is missing the following properties from type '{ suites: Record<string, never>; givens: Record<string, any>; whens: Record<string, any>; thens: Record<string, any>; }': suites, givens, whens, thens
src/lib/tiposkripto/Tiposkripto.ts(7,8): error TS2307: Cannot find module '../CoreTypes' or its corresponding type declarations.
src/lib/tiposkripto/Tiposkripto.ts(10,26): error TS2307: Cannot find module './Analyzer' or its corresponding type declarations.
src/lib/tiposkripto/Tiposkripto.ts(17,12): error TS1378: Top-level 'await' expressions are only allowed when the 'module' option is set to 'es2022', 'esnext', 'system', 'node16', 'node18', 'node20', 'nodenext', or 'preserve', and the 'target' option is set to 'es2017' or higher.
src/lib/tiposkripto/Tiposkripto.ts(19,12): error TS1378: Top-level 'await' expressions are only allowed when the 'module' option is set to 'es2022', 'esnext', 'system', 'node16', 'node18', 'node20', 'nodenext', or 'preserve', and the 'target' option is set to 'es2017' or higher.
src/lib/tiposkripto/Tiposkripto.ts(29,28): error TS2552: Cannot find name 'ITestResourceRequest'. Did you mean 'ITTestResourceRequest'?
src/lib/tiposkripto/Tiposkripto.ts(30,31): error TS2304: Cannot find name 'ITestResourceConfiguration'.
src/lib/tiposkripto/Tiposkripto.ts(43,35): error TS2304: Cannot find name 'ITestResourceConfiguration'.
src/lib/tiposkripto/Web.ts(38,7): error TS2345: Argument of type 'ITestImplementation<I, O, M>' is not assignable to parameter of type 'Omit<{ suites: TestSuiteImplementation<O>; givens: TestGivenImplementation<I, O>; whens: TestWhenImplementation<I, O>; thens: TestThenImplementation<...>; }, keyof M> & M & { ...; }'.
  Type 'Omit<{ suites: TestSuiteImplementation<O>; givens: TestGivenImplementation<I, O>; whens: TestWhenImplementation<I, O>; thens: TestThenImplementation<...>; }, keyof M>' is missing the following properties from type '{ suites: Record<string, never>; givens: Record<string, any>; whens: Record<string, any>; thens: Record<string, any>; }': suites, givens, whens, thens
info Visit https://yarnpkg.com/en/docs/cli/run for documentation about this command.

[2026-01-13T00:53:26.778Z] [stderr] warning ../../package.json: No license field
error Command failed with exit code 2.

[2026-01-13T00:53:26.778Z] [stderr] Process allTests-node-Calculator.test-1 completed with non-critical error
[2026-01-13T00:53:27.349Z] [stdout] Starting command: yarn tsc --noEmit src/lib/tiposkripto/Tiposkripto.ts example/Calculator.ts example/Calculator.test.adapter.ts example/Calculator.test.implementation.ts example/Calculator.test.specification.ts example/Calculator.test.ts
[2026-01-13T00:53:28.014Z] [stdout] $ /Users/adam/Code/testeranto/node_modules/.bin/tsc --noEmit src/lib/tiposkripto/Tiposkripto.ts example/Calculator.ts example/Calculator.test.adapter.ts example/Calculator.test.implementation.ts example/Calculator.test.specification.ts example/Calculator.test.ts
example/Calculator.test.adapter.ts(8,3): error TS2322: Type '(subject: typeof Calculator, initializer: (c?: any) => () => Calculator, testResource: ITestResourceConfiguration, initialValues: any) => Promise<() => Calculator>' is not assignable to type '(subject: typeof Calculator, initializer: (c?: any) => () => Calculator, testResource: ITestResourceConfiguration, initialValues: any) => Promise<Calculator>'.
  Type 'Promise<() => Calculator>' is not assignable to type 'Promise<Calculator>'.
    Type '() => Calculator' is not assignable to type 'Calculator'.
example/Calculator.test.adapter.ts(44,3): error TS2322: Type '(actual: string) => string' is not assignable to type '(x: (calculator: Calculator) => void) => any'.
  Types of parameters 'actual' and 'x' are incompatible.
    Type '(calculator: Calculator) => void' is not assignable to type 'string'.
example/Calculator.test.implementation.ts(8,5): error TS2322: Type '{ description: string; }' is not assignable to type 'string'.
example/Calculator.test.ts(1,26): error TS2307: Cannot find module '../src/lib/tiposkripto/Analyzer' or its corresponding type declarations.
node_modules/@types/react-transition-group/TransitionGroup.d.ts(1,34): error TS2305: Module '"react"' has no exported member 'JSX'.
node_modules/@types/react/index.d.ts(41,53): error TS2307: Cannot find module 'scheduler/tracing' or its corresponding type declarations.
src/CoreTypes.ts(1,44): error TS2307: Cannot find module './tiposkripto' or its corresponding type declarations.
src/CoreTypes.ts(2,27): error TS2307: Cannot find module './tiposkripto/BaseSuite' or its corresponding type declarations.
src/lib/tiposkripto/BaseGiven.ts(1,34): error TS2307: Cannot find module '../CoreTypes' or its corresponding type declarations.
src/lib/tiposkripto/BaseGiven.ts(54,10): error TS2551: Property 'fails' does not exist on type 'BaseGiven<I>'. Did you mean 'fail'?
src/lib/tiposkripto/BaseGiven.ts(103,10): error TS2551: Property 'fails' does not exist on type 'BaseGiven<I>'. Did you mean 'fail'?
src/lib/tiposkripto/BaseGiven.ts(124,12): error TS2551: Property 'fails' does not exist on type 'BaseGiven<I>'. Did you mean 'fail'?
src/lib/tiposkripto/BaseGiven.ts(130,41): error TS2802: Type 'ArrayIterator<[number, any]>' can only be iterated through when using the '--downlevelIteration' flag or with a '--target' of 'es2015' or higher.
src/lib/tiposkripto/BaseGiven.ts(142,16): error TS2551: Property 'fails' does not exist on type 'BaseGiven<I>'. Did you mean 'fail'?
src/lib/tiposkripto/BaseGiven.ts(153,20): error TS2554: Expected 3 arguments, but got 2.
src/lib/tiposkripto/BaseGiven.ts(156,14): error TS2551: Property 'fails' does not exist on type 'BaseGiven<I>'. Did you mean 'fail'?
src/lib/tiposkripto/BaseSuite.ts(2,43): error TS2307: Cannot find module '../CoreTypes' or its corresponding type declarations.
src/lib/tiposkripto/BaseSuite.ts(66,26): error TS2339: Property 'name' does not exist on type 'never'.
src/lib/tiposkripto/BaseSuite.ts(136,32): error TS2554: Expected 3 arguments, but got 2.
src/lib/tiposkripto/BaseSuite.ts(146,34): error TS2554: Expected 6 arguments, but got 5.
src/lib/tiposkripto/BaseSuite.ts(154,29): error TS2551: Property 'fails' does not exist on type 'BaseGiven<I>'. Did you mean 'fail'?
src/lib/tiposkripto/BaseSuite.ts(160,19): error TS2551: Property 'fails' does not exist on type 'BaseGiven<I>'. Did you mean 'fail'?
src/lib/tiposkripto/BaseSuite.ts(161,31): error TS2551: Property 'fails' does not exist on type 'BaseGiven<I>'. Did you mean 'fail'?
src/lib/tiposkripto/BaseSuite.ts(176,12): error TS2554: Expected 2 arguments, but got 1.
src/lib/tiposkripto/BaseThen.ts(2,34): error TS2307: Cannot find module '../CoreTypes' or its corresponding type declarations.
src/lib/tiposkripto/BaseTiposkripto.ts(64,10): error TS2339: Property 'testResourceConfiguration' does not exist on type 'BaseTiposkripto<I, O, M>'.
src/lib/tiposkripto/BaseTiposkripto.ts(90,19): error TS2416: Property 'setup' in type '(Anonymous class)' is not assignable to the same property in base type 'BaseSuite<I, O>'.
  Type '(s: I["iinput"], tr: ITestResourceConfiguration) => Promise<I["isubject"]>' is not assignable to type '(s: I["iinput"], artifactory: ITestArtifactory, tr: ITestResourceConfiguration) => Promise<I["isubject"]>'.
    Types of parameters 'tr' and 'artifactory' are incompatible.
      Type 'ITestArtifactory' is not assignable to type 'ITestResourceConfiguration'.
src/lib/tiposkripto/BaseTiposkripto.ts(190,7): error TS2345: Argument of type 'Record<string, any>' is not assignable to parameter of type 'SuiteSpecification<I, O>'.
src/lib/tiposkripto/BaseTiposkripto.ts(211,17): error TS2345: Argument of type 'ITestResourceConfiguration | { name: string; fs: string; ports: undefined[]; timeout: number; retries: number; environment: {}; }' is not assignable to parameter of type 'ITestResourceConfiguration'.
  Object literal may only specify known properties, and 'timeout' does not exist in type 'ITestResourceConfiguration'.
src/lib/tiposkripto/BaseTiposkripto.ts(274,10): error TS2554: Expected 1 arguments, but got 0.
src/lib/tiposkripto/index.ts(27,12): error TS2349: This expression is not callable.
  Type '{}' has no call signatures.
src/lib/tiposkripto/index.ts(34,12): error TS2349: This expression is not callable.
  Type '{}' has no call signatures.
src/lib/tiposkripto/Node.ts(1,8): error TS1192: Module '"fs"' has no default export.
src/lib/tiposkripto/Node.ts(31,7): error TS2345: Argument of type 'ITestImplementation<I, O, M>' is not assignable to parameter of type 'Omit<{ suites: TestSuiteImplementation<O>; givens: TestGivenImplementation<I, O>; whens: TestWhenImplementation<I, O>; thens: TestThenImplementation<...>; }, keyof M> & M & { ...; }'.
  Type 'Omit<{ suites: TestSuiteImplementation<O>; givens: TestGivenImplementation<I, O>; whens: TestWhenImplementation<I, O>; thens: TestThenImplementation<...>; }, keyof M>' is missing the following properties from type '{ suites: Record<string, never>; givens: Record<string, any>; whens: Record<string, any>; thens: Record<string, any>; }': suites, givens, whens, thens
src/lib/tiposkripto/Tiposkripto.ts(7,8): error TS2307: Cannot find module '../CoreTypes' or its corresponding type declarations.
src/lib/tiposkripto/Tiposkripto.ts(10,26): error TS2307: Cannot find module './Analyzer' or its corresponding type declarations.
src/lib/tiposkripto/Tiposkripto.ts(17,12): error TS1378: Top-level 'await' expressions are only allowed when the 'module' option is set to 'es2022', 'esnext', 'system', 'node16', 'node18', 'node20', 'nodenext', or 'preserve', and the 'target' option is set to 'es2017' or higher.
src/lib/tiposkripto/Tiposkripto.ts(19,12): error TS1378: Top-level 'await' expressions are only allowed when the 'module' option is set to 'es2022', 'esnext', 'system', 'node16', 'node18', 'node20', 'nodenext', or 'preserve', and the 'target' option is set to 'es2017' or higher.
src/lib/tiposkripto/Tiposkripto.ts(29,28): error TS2552: Cannot find name 'ITestResourceRequest'. Did you mean 'ITTestResourceRequest'?
src/lib/tiposkripto/Tiposkripto.ts(30,31): error TS2304: Cannot find name 'ITestResourceConfiguration'.
src/lib/tiposkripto/Tiposkripto.ts(43,35): error TS2304: Cannot find name 'ITestResourceConfiguration'.
src/lib/tiposkripto/Web.ts(38,7): error TS2345: Argument of type 'ITestImplementation<I, O, M>' is not assignable to parameter of type 'Omit<{ suites: TestSuiteImplementation<O>; givens: TestGivenImplementation<I, O>; whens: TestWhenImplementation<I, O>; thens: TestThenImplementation<...>; }, keyof M> & M & { ...; }'.
  Type 'Omit<{ suites: TestSuiteImplementation<O>; givens: TestGivenImplementation<I, O>; whens: TestWhenImplementation<I, O>; thens: TestThenImplementation<...>; }, keyof M>' is missing the following properties from type '{ suites: Record<string, never>; givens: Record<string, any>; whens: Record<string, any>; thens: Record<string, any>; }': suites, givens, whens, thens
info Visit https://yarnpkg.com/en/docs/cli/run for documentation about this command.

[2026-01-13T00:53:28.014Z] [stderr] warning ../../package.json: No license field
error Command failed with exit code 2.

[2026-01-13T00:53:28.014Z] [stderr] Process allTests-node-Calculator.test-1 completed with non-critical error
[2026-01-13T00:53:29.317Z] [stdout] $ /Users/adam/Code/testeranto/node_modules/.bin/tsc --noEmit src/lib/tiposkripto/Tiposkripto.ts example/Calculator.ts example/Calculator.test.adapter.ts example/Calculator.test.implementation.ts example/Calculator.test.specification.ts example/Calculator.test.ts
example/Calculator.test.adapter.ts(8,3): error TS2322: Type '(subject: typeof Calculator, initializer: (c?: any) => () => Calculator, testResource: ITestResourceConfiguration, initialValues: any) => Promise<() => Calculator>' is not assignable to type '(subject: typeof Calculator, initializer: (c?: any) => () => Calculator, testResource: ITestResourceConfiguration, initialValues: any) => Promise<Calculator>'.
  Type 'Promise<() => Calculator>' is not assignable to type 'Promise<Calculator>'.
    Type '() => Calculator' is not assignable to type 'Calculator'.
example/Calculator.test.adapter.ts(44,3): error TS2322: Type '(actual: string) => string' is not assignable to type '(x: (calculator: Calculator) => void) => any'.
  Types of parameters 'actual' and 'x' are incompatible.
    Type '(calculator: Calculator) => void' is not assignable to type 'string'.
example/Calculator.test.implementation.ts(8,5): error TS2322: Type '{ description: string; }' is not assignable to type 'string'.
example/Calculator.test.ts(1,26): error TS2307: Cannot find module '../src/lib/tiposkripto/Analyzer' or its corresponding type declarations.
node_modules/@types/react-transition-group/TransitionGroup.d.ts(1,34): error TS2305: Module '"react"' has no exported member 'JSX'.
node_modules/@types/react/index.d.ts(41,53): error TS2307: Cannot find module 'scheduler/tracing' or its corresponding type declarations.
src/CoreTypes.ts(1,44): error TS2307: Cannot find module './tiposkripto' or its corresponding type declarations.
src/CoreTypes.ts(2,27): error TS2307: Cannot find module './tiposkripto/BaseSuite' or its corresponding type declarations.
src/lib/tiposkripto/BaseGiven.ts(1,34): error TS2307: Cannot find module '../CoreTypes' or its corresponding type declarations.
src/lib/tiposkripto/BaseGiven.ts(54,10): error TS2551: Property 'fails' does not exist on type 'BaseGiven<I>'. Did you mean 'fail'?
src/lib/tiposkripto/BaseGiven.ts(103,10): error TS2551: Property 'fails' does not exist on type 'BaseGiven<I>'. Did you mean 'fail'?
src/lib/tiposkripto/BaseGiven.ts(124,12): error TS2551: Property 'fails' does not exist on type 'BaseGiven<I>'. Did you mean 'fail'?
src/lib/tiposkripto/BaseGiven.ts(130,41): error TS2802: Type 'ArrayIterator<[number, any]>' can only be iterated through when using the '--downlevelIteration' flag or with a '--target' of 'es2015' or higher.
src/lib/tiposkripto/BaseGiven.ts(142,16): error TS2551: Property 'fails' does not exist on type 'BaseGiven<I>'. Did you mean 'fail'?
src/lib/tiposkripto/BaseGiven.ts(153,20): error TS2554: Expected 3 arguments, but got 2.
src/lib/tiposkripto/BaseGiven.ts(156,14): error TS2551: Property 'fails' does not exist on type 'BaseGiven<I>'. Did you mean 'fail'?
src/lib/tiposkripto/BaseSuite.ts(2,43): error TS2307: Cannot find module '../CoreTypes' or its corresponding type declarations.
src/lib/tiposkripto/BaseSuite.ts(66,26): error TS2339: Property 'name' does not exist on type 'never'.
src/lib/tiposkripto/BaseSuite.ts(136,32): error TS2554: Expected 3 arguments, but got 2.
src/lib/tiposkripto/BaseSuite.ts(146,34): error TS2554: Expected 6 arguments, but got 5.
src/lib/tiposkripto/BaseSuite.ts(154,29): error TS2551: Property 'fails' does not exist on type 'BaseGiven<I>'. Did you mean 'fail'?
src/lib/tiposkripto/BaseSuite.ts(160,19): error TS2551: Property 'fails' does not exist on type 'BaseGiven<I>'. Did you mean 'fail'?
src/lib/tiposkripto/BaseSuite.ts(161,31): error TS2551: Property 'fails' does not exist on type 'BaseGiven<I>'. Did you mean 'fail'?
src/lib/tiposkripto/BaseSuite.ts(176,12): error TS2554: Expected 2 arguments, but got 1.
src/lib/tiposkripto/BaseThen.ts(2,34): error TS2307: Cannot find module '../CoreTypes' or its corresponding type declarations.
src/lib/tiposkripto/BaseTiposkripto.ts(64,10): error TS2339: Property 'testResourceConfiguration' does not exist on type 'BaseTiposkripto<I, O, M>'.
src/lib/tiposkripto/BaseTiposkripto.ts(90,19): error TS2416: Property 'setup' in type '(Anonymous class)' is not assignable to the same property in base type 'BaseSuite<I, O>'.
  Type '(s: I["iinput"], tr: ITestResourceConfiguration) => Promise<I["isubject"]>' is not assignable to type '(s: I["iinput"], artifactory: ITestArtifactory, tr: ITestResourceConfiguration) => Promise<I["isubject"]>'.
    Types of parameters 'tr' and 'artifactory' are incompatible.
      Type 'ITestArtifactory' is not assignable to type 'ITestResourceConfiguration'.
src/lib/tiposkripto/BaseTiposkripto.ts(190,7): error TS2345: Argument of type 'Record<string, any>' is not assignable to parameter of type 'SuiteSpecification<I, O>'.
src/lib/tiposkripto/BaseTiposkripto.ts(211,17): error TS2345: Argument of type 'ITestResourceConfiguration | { name: string; fs: string; ports: undefined[]; timeout: number; retries: number; environment: {}; }' is not assignable to parameter of type 'ITestResourceConfiguration'.
  Object literal may only specify known properties, and 'timeout' does not exist in type 'ITestResourceConfiguration'.
src/lib/tiposkripto/BaseTiposkripto.ts(274,10): error TS2554: Expected 1 arguments, but got 0.
src/lib/tiposkripto/index.ts(27,12): error TS2349: This expression is not callable.
  Type '{}' has no call signatures.
src/lib/tiposkripto/index.ts(34,12): error TS2349: This expression is not callable.
  Type '{}' has no call signatures.
src/lib/tiposkripto/Node.ts(1,8): error TS1192: Module '"fs"' has no default export.
src/lib/tiposkripto/Node.ts(31,7): error TS2345: Argument of type 'ITestImplementation<I, O, M>' is not assignable to parameter of type 'Omit<{ suites: TestSuiteImplementation<O>; givens: TestGivenImplementation<I, O>; whens: TestWhenImplementation<I, O>; thens: TestThenImplementation<...>; }, keyof M> & M & { ...; }'.
  Type 'Omit<{ suites: TestSuiteImplementation<O>; givens: TestGivenImplementation<I, O>; whens: TestWhenImplementation<I, O>; thens: TestThenImplementation<...>; }, keyof M>' is missing the following properties from type '{ suites: Record<string, never>; givens: Record<string, any>; whens: Record<string, any>; thens: Record<string, any>; }': suites, givens, whens, thens
src/lib/tiposkripto/Tiposkripto.ts(7,8): error TS2307: Cannot find module '../CoreTypes' or its corresponding type declarations.
src/lib/tiposkripto/Tiposkripto.ts(10,26): error TS2307: Cannot find module './Analyzer' or its corresponding type declarations.
src/lib/tiposkripto/Tiposkripto.ts(17,12): error TS1378: Top-level 'await' expressions are only allowed when the 'module' option is set to 'es2022', 'esnext', 'system', 'node16', 'node18', 'node20', 'nodenext', or 'preserve', and the 'target' option is set to 'es2017' or higher.
src/lib/tiposkripto/Tiposkripto.ts(19,12): error TS1378: Top-level 'await' expressions are only allowed when the 'module' option is set to 'es2022', 'esnext', 'system', 'node16', 'node18', 'node20', 'nodenext', or 'preserve', and the 'target' option is set to 'es2017' or higher.
src/lib/tiposkripto/Tiposkripto.ts(29,28): error TS2552: Cannot find name 'ITestResourceRequest'. Did you mean 'ITTestResourceRequest'?
src/lib/tiposkripto/Tiposkripto.ts(30,31): error TS2304: Cannot find name 'ITestResourceConfiguration'.
src/lib/tiposkripto/Tiposkripto.ts(43,35): error TS2304: Cannot find name 'ITestResourceConfiguration'.
src/lib/tiposkripto/Web.ts(38,7): error TS2345: Argument of type 'ITestImplementation<I, O, M>' is not assignable to parameter of type 'Omit<{ suites: TestSuiteImplementation<O>; givens: TestGivenImplementation<I, O>; whens: TestWhenImplementation<I, O>; thens: TestThenImplementation<...>; }, keyof M> & M & { ...; }'.
  Type 'Omit<{ suites: TestSuiteImplementation<O>; givens: TestGivenImplementation<I, O>; whens: TestWhenImplementation<I, O>; thens: TestThenImplementation<...>; }, keyof M>' is missing the following properties from type '{ suites: Record<string, never>; givens: Record<string, any>; whens: Record<string, any>; thens: Record<string, any>; }': suites, givens, whens, thens
info Visit https://yarnpkg.com/en/docs/cli/run for documentation about this command.

[2026-01-13T00:53:29.318Z] [stderr] warning ../../package.json: No license field
error Command failed with exit code 2.

[2026-01-13T00:53:29.318Z] [stderr] Process allTests-node-Calculator.test-1 completed with non-critical error
[2026-01-13T00:53:30.678Z] [stdout] $ /Users/adam/Code/testeranto/node_modules/.bin/tsc --noEmit src/lib/tiposkripto/Tiposkripto.ts example/Calculator.ts example/Calculator.test.adapter.ts example/Calculator.test.implementation.ts example/Calculator.test.specification.ts example/Calculator.test.ts
example/Calculator.test.adapter.ts(8,3): error TS2322: Type '(subject: typeof Calculator, initializer: (c?: any) => () => Calculator, testResource: ITestResourceConfiguration, initialValues: any) => Promise<() => Calculator>' is not assignable to type '(subject: typeof Calculator, initializer: (c?: any) => () => Calculator, testResource: ITestResourceConfiguration, initialValues: any) => Promise<Calculator>'.
  Type 'Promise<() => Calculator>' is not assignable to type 'Promise<Calculator>'.
    Type '() => Calculator' is not assignable to type 'Calculator'.
example/Calculator.test.adapter.ts(44,3): error TS2322: Type '(actual: string) => string' is not assignable to type '(x: (calculator: Calculator) => void) => any'.
  Types of parameters 'actual' and 'x' are incompatible.
    Type '(calculator: Calculator) => void' is not assignable to type 'string'.
example/Calculator.test.implementation.ts(8,5): error TS2322: Type '{ description: string; }' is not assignable to type 'string'.
example/Calculator.test.ts(1,26): error TS2307: Cannot find module '../src/lib/tiposkripto/Analyzer' or its corresponding type declarations.
node_modules/@types/react-transition-group/TransitionGroup.d.ts(1,34): error TS2305: Module '"react"' has no exported member 'JSX'.
node_modules/@types/react/index.d.ts(41,53): error TS2307: Cannot find module 'scheduler/tracing' or its corresponding type declarations.
src/CoreTypes.ts(1,44): error TS2307: Cannot find module './tiposkripto' or its corresponding type declarations.
src/CoreTypes.ts(2,27): error TS2307: Cannot find module './tiposkripto/BaseSuite' or its corresponding type declarations.
src/lib/tiposkripto/BaseGiven.ts(1,34): error TS2307: Cannot find module '../CoreTypes' or its corresponding type declarations.
src/lib/tiposkripto/BaseGiven.ts(54,10): error TS2551: Property 'fails' does not exist on type 'BaseGiven<I>'. Did you mean 'fail'?
src/lib/tiposkripto/BaseGiven.ts(103,10): error TS2551: Property 'fails' does not exist on type 'BaseGiven<I>'. Did you mean 'fail'?
src/lib/tiposkripto/BaseGiven.ts(124,12): error TS2551: Property 'fails' does not exist on type 'BaseGiven<I>'. Did you mean 'fail'?
src/lib/tiposkripto/BaseGiven.ts(130,41): error TS2802: Type 'ArrayIterator<[number, any]>' can only be iterated through when using the '--downlevelIteration' flag or with a '--target' of 'es2015' or higher.
src/lib/tiposkripto/BaseGiven.ts(142,16): error TS2551: Property 'fails' does not exist on type 'BaseGiven<I>'. Did you mean 'fail'?
src/lib/tiposkripto/BaseGiven.ts(153,20): error TS2554: Expected 3 arguments, but got 2.
src/lib/tiposkripto/BaseGiven.ts(156,14): error TS2551: Property 'fails' does not exist on type 'BaseGiven<I>'. Did you mean 'fail'?
src/lib/tiposkripto/BaseSuite.ts(2,43): error TS2307: Cannot find module '../CoreTypes' or its corresponding type declarations.
src/lib/tiposkripto/BaseSuite.ts(66,26): error TS2339: Property 'name' does not exist on type 'never'.
src/lib/tiposkripto/BaseSuite.ts(136,32): error TS2554: Expected 3 arguments, but got 2.
src/lib/tiposkripto/BaseSuite.ts(146,34): error TS2554: Expected 6 arguments, but got 5.
src/lib/tiposkripto/BaseSuite.ts(154,29): error TS2551: Property 'fails' does not exist on type 'BaseGiven<I>'. Did you mean 'fail'?
src/lib/tiposkripto/BaseSuite.ts(160,19): error TS2551: Property 'fails' does not exist on type 'BaseGiven<I>'. Did you mean 'fail'?
src/lib/tiposkripto/BaseSuite.ts(161,31): error TS2551: Property 'fails' does not exist on type 'BaseGiven<I>'. Did you mean 'fail'?
src/lib/tiposkripto/BaseSuite.ts(176,12): error TS2554: Expected 2 arguments, but got 1.
src/lib/tiposkripto/BaseThen.ts(2,34): error TS2307: Cannot find module '../CoreTypes' or its corresponding type declarations.
src/lib/tiposkripto/BaseTiposkripto.ts(64,10): error TS2339: Property 'testResourceConfiguration' does not exist on type 'BaseTiposkripto<I, O, M>'.
src/lib/tiposkripto/BaseTiposkripto.ts(90,19): error TS2416: Property 'setup' in type '(Anonymous class)' is not assignable to the same property in base type 'BaseSuite<I, O>'.
  Type '(s: I["iinput"], tr: ITestResourceConfiguration) => Promise<I["isubject"]>' is not assignable to type '(s: I["iinput"], artifactory: ITestArtifactory, tr: ITestResourceConfiguration) => Promise<I["isubject"]>'.
    Types of parameters 'tr' and 'artifactory' are incompatible.
      Type 'ITestArtifactory' is not assignable to type 'ITestResourceConfiguration'.
src/lib/tiposkripto/BaseTiposkripto.ts(190,7): error TS2345: Argument of type 'Record<string, any>' is not assignable to parameter of type 'SuiteSpecification<I, O>'.
src/lib/tiposkripto/BaseTiposkripto.ts(211,17): error TS2345: Argument of type 'ITestResourceConfiguration | { name: string; fs: string; ports: undefined[]; timeout: number; retries: number; environment: {}; }' is not assignable to parameter of type 'ITestResourceConfiguration'.
  Object literal may only specify known properties, and 'timeout' does not exist in type 'ITestResourceConfiguration'.
src/lib/tiposkripto/BaseTiposkripto.ts(274,10): error TS2554: Expected 1 arguments, but got 0.
src/lib/tiposkripto/index.ts(27,12): error TS2349: This expression is not callable.
  Type '{}' has no call signatures.
src/lib/tiposkripto/index.ts(34,12): error TS2349: This expression is not callable.
  Type '{}' has no call signatures.
src/lib/tiposkripto/Node.ts(1,8): error TS1192: Module '"fs"' has no default export.
src/lib/tiposkripto/Node.ts(31,7): error TS2345: Argument of type 'ITestImplementation<I, O, M>' is not assignable to parameter of type 'Omit<{ suites: TestSuiteImplementation<O>; givens: TestGivenImplementation<I, O>; whens: TestWhenImplementation<I, O>; thens: TestThenImplementation<...>; }, keyof M> & M & { ...; }'.
  Type 'Omit<{ suites: TestSuiteImplementation<O>; givens: TestGivenImplementation<I, O>; whens: TestWhenImplementation<I, O>; thens: TestThenImplementation<...>; }, keyof M>' is missing the following properties from type '{ suites: Record<string, never>; givens: Record<string, any>; whens: Record<string, any>; thens: Record<string, any>; }': suites, givens, whens, thens
src/lib/tiposkripto/Tiposkripto.ts(7,8): error TS2307: Cannot find module '../CoreTypes' or its corresponding type declarations.
src/lib/tiposkripto/Tiposkripto.ts(10,26): error TS2307: Cannot find module './Analyzer' or its corresponding type declarations.
src/lib/tiposkripto/Tiposkripto.ts(17,12): error TS1378: Top-level 'await' expressions are only allowed when the 'module' option is set to 'es2022', 'esnext', 'system', 'node16', 'node18', 'node20', 'nodenext', or 'preserve', and the 'target' option is set to 'es2017' or higher.
src/lib/tiposkripto/Tiposkripto.ts(19,12): error TS1378: Top-level 'await' expressions are only allowed when the 'module' option is set to 'es2022', 'esnext', 'system', 'node16', 'node18', 'node20', 'nodenext', or 'preserve', and the 'target' option is set to 'es2017' or higher.
src/lib/tiposkripto/Tiposkripto.ts(29,28): error TS2552: Cannot find name 'ITestResourceRequest'. Did you mean 'ITTestResourceRequest'?
src/lib/tiposkripto/Tiposkripto.ts(30,31): error TS2304: Cannot find name 'ITestResourceConfiguration'.
src/lib/tiposkripto/Tiposkripto.ts(43,35): error TS2304: Cannot find name 'ITestResourceConfiguration'.
src/lib/tiposkripto/Web.ts(38,7): error TS2345: Argument of type 'ITestImplementation<I, O, M>' is not assignable to parameter of type 'Omit<{ suites: TestSuiteImplementation<O>; givens: TestGivenImplementation<I, O>; whens: TestWhenImplementation<I, O>; thens: TestThenImplementation<...>; }, keyof M> & M & { ...; }'.
  Type 'Omit<{ suites: TestSuiteImplementation<O>; givens: TestGivenImplementation<I, O>; whens: TestWhenImplementation<I, O>; thens: TestThenImplementation<...>; }, keyof M>' is missing the following properties from type '{ suites: Record<string, never>; givens: Record<string, any>; whens: Record<string, any>; thens: Record<string, any>; }': suites, givens, whens, thens
info Visit https://yarnpkg.com/en/docs/cli/run for documentation about this command.

[2026-01-13T00:53:30.680Z] [stderr] warning ../../package.json: No license field
error Command failed with exit code 2.

[2026-01-13T00:53:30.680Z] [stderr] Process allTests-node-Calculator.test-1 completed with non-critical error
[2026-01-13T00:53:31.666Z] [stdout] $ /Users/adam/Code/testeranto/node_modules/.bin/tsc --noEmit src/lib/tiposkripto/Tiposkripto.ts example/Calculator.ts example/Calculator.test.adapter.ts example/Calculator.test.implementation.ts example/Calculator.test.specification.ts example/Calculator.test.ts
example/Calculator.test.adapter.ts(8,3): error TS2322: Type '(subject: typeof Calculator, initializer: (c?: any) => () => Calculator, testResource: ITestResourceConfiguration, initialValues: any) => Promise<() => Calculator>' is not assignable to type '(subject: typeof Calculator, initializer: (c?: any) => () => Calculator, testResource: ITestResourceConfiguration, initialValues: any) => Promise<Calculator>'.
  Type 'Promise<() => Calculator>' is not assignable to type 'Promise<Calculator>'.
    Type '() => Calculator' is not assignable to type 'Calculator'.
example/Calculator.test.adapter.ts(44,3): error TS2322: Type '(actual: string) => string' is not assignable to type '(x: (calculator: Calculator) => void) => any'.
  Types of parameters 'actual' and 'x' are incompatible.
    Type '(calculator: Calculator) => void' is not assignable to type 'string'.
example/Calculator.test.implementation.ts(8,5): error TS2322: Type '{ description: string; }' is not assignable to type 'string'.
example/Calculator.test.ts(1,26): error TS2307: Cannot find module '../src/lib/tiposkripto/Analyzer' or its corresponding type declarations.
node_modules/@types/react-transition-group/TransitionGroup.d.ts(1,34): error TS2305: Module '"react"' has no exported member 'JSX'.
node_modules/@types/react/index.d.ts(41,53): error TS2307: Cannot find module 'scheduler/tracing' or its corresponding type declarations.
src/CoreTypes.ts(1,44): error TS2307: Cannot find module './tiposkripto' or its corresponding type declarations.
src/CoreTypes.ts(2,27): error TS2307: Cannot find module './tiposkripto/BaseSuite' or its corresponding type declarations.
src/lib/tiposkripto/BaseGiven.ts(1,34): error TS2307: Cannot find module '../CoreTypes' or its corresponding type declarations.
src/lib/tiposkripto/BaseGiven.ts(54,10): error TS2551: Property 'fails' does not exist on type 'BaseGiven<I>'. Did you mean 'fail'?
src/lib/tiposkripto/BaseGiven.ts(103,10): error TS2551: Property 'fails' does not exist on type 'BaseGiven<I>'. Did you mean 'fail'?
src/lib/tiposkripto/BaseGiven.ts(124,12): error TS2551: Property 'fails' does not exist on type 'BaseGiven<I>'. Did you mean 'fail'?
src/lib/tiposkripto/BaseGiven.ts(130,41): error TS2802: Type 'ArrayIterator<[number, any]>' can only be iterated through when using the '--downlevelIteration' flag or with a '--target' of 'es2015' or higher.
src/lib/tiposkripto/BaseGiven.ts(142,16): error TS2551: Property 'fails' does not exist on type 'BaseGiven<I>'. Did you mean 'fail'?
src/lib/tiposkripto/BaseGiven.ts(153,20): error TS2554: Expected 3 arguments, but got 2.
src/lib/tiposkripto/BaseGiven.ts(156,14): error TS2551: Property 'fails' does not exist on type 'BaseGiven<I>'. Did you mean 'fail'?
src/lib/tiposkripto/BaseSuite.ts(2,43): error TS2307: Cannot find module '../CoreTypes' or its corresponding type declarations.
src/lib/tiposkripto/BaseSuite.ts(66,26): error TS2339: Property 'name' does not exist on type 'never'.
src/lib/tiposkripto/BaseSuite.ts(136,32): error TS2554: Expected 3 arguments, but got 2.
src/lib/tiposkripto/BaseSuite.ts(146,34): error TS2554: Expected 6 arguments, but got 5.
src/lib/tiposkripto/BaseSuite.ts(154,29): error TS2551: Property 'fails' does not exist on type 'BaseGiven<I>'. Did you mean 'fail'?
src/lib/tiposkripto/BaseSuite.ts(160,19): error TS2551: Property 'fails' does not exist on type 'BaseGiven<I>'. Did you mean 'fail'?
src/lib/tiposkripto/BaseSuite.ts(161,31): error TS2551: Property 'fails' does not exist on type 'BaseGiven<I>'. Did you mean 'fail'?
src/lib/tiposkripto/BaseSuite.ts(176,12): error TS2554: Expected 2 arguments, but got 1.
src/lib/tiposkripto/BaseThen.ts(2,34): error TS2307: Cannot find module '../CoreTypes' or its corresponding type declarations.
src/lib/tiposkripto/BaseTiposkripto.ts(64,10): error TS2339: Property 'testResourceConfiguration' does not exist on type 'BaseTiposkripto<I, O, M>'.
src/lib/tiposkripto/BaseTiposkripto.ts(90,19): error TS2416: Property 'setup' in type '(Anonymous class)' is not assignable to the same property in base type 'BaseSuite<I, O>'.
  Type '(s: I["iinput"], tr: ITestResourceConfiguration) => Promise<I["isubject"]>' is not assignable to type '(s: I["iinput"], artifactory: ITestArtifactory, tr: ITestResourceConfiguration) => Promise<I["isubject"]>'.
    Types of parameters 'tr' and 'artifactory' are incompatible.
      Type 'ITestArtifactory' is not assignable to type 'ITestResourceConfiguration'.
src/lib/tiposkripto/BaseTiposkripto.ts(190,7): error TS2345: Argument of type 'Record<string, any>' is not assignable to parameter of type 'SuiteSpecification<I, O>'.
src/lib/tiposkripto/BaseTiposkripto.ts(211,17): error TS2345: Argument of type 'ITestResourceConfiguration | { name: string; fs: string; ports: undefined[]; timeout: number; retries: number; environment: {}; }' is not assignable to parameter of type 'ITestResourceConfiguration'.
  Object literal may only specify known properties, and 'timeout' does not exist in type 'ITestResourceConfiguration'.
src/lib/tiposkripto/BaseTiposkripto.ts(274,10): error TS2554: Expected 1 arguments, but got 0.
src/lib/tiposkripto/index.ts(27,12): error TS2349: This expression is not callable.
  Type '{}' has no call signatures.
src/lib/tiposkripto/index.ts(34,12): error TS2349: This expression is not callable.
  Type '{}' has no call signatures.
src/lib/tiposkripto/Node.ts(1,8): error TS1192: Module '"fs"' has no default export.
src/lib/tiposkripto/Node.ts(31,7): error TS2345: Argument of type 'ITestImplementation<I, O, M>' is not assignable to parameter of type 'Omit<{ suites: TestSuiteImplementation<O>; givens: TestGivenImplementation<I, O>; whens: TestWhenImplementation<I, O>; thens: TestThenImplementation<...>; }, keyof M> & M & { ...; }'.
  Type 'Omit<{ suites: TestSuiteImplementation<O>; givens: TestGivenImplementation<I, O>; whens: TestWhenImplementation<I, O>; thens: TestThenImplementation<...>; }, keyof M>' is missing the following properties from type '{ suites: Record<string, never>; givens: Record<string, any>; whens: Record<string, any>; thens: Record<string, any>; }': suites, givens, whens, thens
src/lib/tiposkripto/Tiposkripto.ts(7,8): error TS2307: Cannot find module '../CoreTypes' or its corresponding type declarations.
src/lib/tiposkripto/Tiposkripto.ts(10,26): error TS2307: Cannot find module './Analyzer' or its corresponding type declarations.
src/lib/tiposkripto/Tiposkripto.ts(17,12): error TS1378: Top-level 'await' expressions are only allowed when the 'module' option is set to 'es2022', 'esnext', 'system', 'node16', 'node18', 'node20', 'nodenext', or 'preserve', and the 'target' option is set to 'es2017' or higher.
src/lib/tiposkripto/Tiposkripto.ts(19,12): error TS1378: Top-level 'await' expressions are only allowed when the 'module' option is set to 'es2022', 'esnext', 'system', 'node16', 'node18', 'node20', 'nodenext', or 'preserve', and the 'target' option is set to 'es2017' or higher.
src/lib/tiposkripto/Tiposkripto.ts(29,28): error TS2552: Cannot find name 'ITestResourceRequest'. Did you mean 'ITTestResourceRequest'?
src/lib/tiposkripto/Tiposkripto.ts(30,31): error TS2304: Cannot find name 'ITestResourceConfiguration'.
src/lib/tiposkripto/Tiposkripto.ts(43,35): error TS2304: Cannot find name 'ITestResourceConfiguration'.
src/lib/tiposkripto/Web.ts(38,7): error TS2345: Argument of type 'ITestImplementation<I, O, M>' is not assignable to parameter of type 'Omit<{ suites: TestSuiteImplementation<O>; givens: TestGivenImplementation<I, O>; whens: TestWhenImplementation<I, O>; thens: TestThenImplementation<...>; }, keyof M> & M & { ...; }'.
  Type 'Omit<{ suites: TestSuiteImplementation<O>; givens: TestGivenImplementation<I, O>; whens: TestWhenImplementation<I, O>; thens: TestThenImplementation<...>; }, keyof M>' is missing the following properties from type '{ suites: Record<string, never>; givens: Record<string, any>; whens: Record<string, any>; thens: Record<string, any>; }': suites, givens, whens, thens
info Visit https://yarnpkg.com/en/docs/cli/run for documentation about this command.

[2026-01-13T00:53:31.666Z] [stderr] warning ../../package.json: No license field
error Command failed with exit code 2.

[2026-01-13T00:53:31.666Z] [stderr] Process allTests-node-Calculator.test-1 completed with non-critical error
[2026-01-13T00:53:32.030Z] [stdout] Starting command: yarn tsc --noEmit src/lib/tiposkripto/Tiposkripto.ts example/Calculator.ts example/Calculator.test.adapter.ts example/Calculator.test.implementation.ts example/Calculator.test.specification.ts example/Calculator.test.ts
[2026-01-13T00:53:32.743Z] [stdout] $ /Users/adam/Code/testeranto/node_modules/.bin/tsc --noEmit src/lib/tiposkripto/Tiposkripto.ts example/Calculator.ts example/Calculator.test.adapter.ts example/Calculator.test.implementation.ts example/Calculator.test.specification.ts example/Calculator.test.ts
example/Calculator.test.adapter.ts(8,3): error TS2322: Type '(subject: typeof Calculator, initializer: (c?: any) => () => Calculator, testResource: ITestResourceConfiguration, initialValues: any) => Promise<() => Calculator>' is not assignable to type '(subject: typeof Calculator, initializer: (c?: any) => () => Calculator, testResource: ITestResourceConfiguration, initialValues: any) => Promise<Calculator>'.
  Type 'Promise<() => Calculator>' is not assignable to type 'Promise<Calculator>'.
    Type '() => Calculator' is not assignable to type 'Calculator'.
example/Calculator.test.adapter.ts(44,3): error TS2322: Type '(actual: string) => string' is not assignable to type '(x: (calculator: Calculator) => void) => any'.
  Types of parameters 'actual' and 'x' are incompatible.
    Type '(calculator: Calculator) => void' is not assignable to type 'string'.
example/Calculator.test.implementation.ts(8,5): error TS2322: Type '{ description: string; }' is not assignable to type 'string'.
example/Calculator.test.ts(1,26): error TS2307: Cannot find module '../src/lib/tiposkripto/Analyzer' or its corresponding type declarations.
node_modules/@types/react-transition-group/TransitionGroup.d.ts(1,34): error TS2305: Module '"react"' has no exported member 'JSX'.
node_modules/@types/react/index.d.ts(41,53): error TS2307: Cannot find module 'scheduler/tracing' or its corresponding type declarations.
src/CoreTypes.ts(1,44): error TS2307: Cannot find module './tiposkripto' or its corresponding type declarations.
src/CoreTypes.ts(2,27): error TS2307: Cannot find module './tiposkripto/BaseSuite' or its corresponding type declarations.
src/lib/tiposkripto/BaseGiven.ts(1,34): error TS2307: Cannot find module '../CoreTypes' or its corresponding type declarations.
src/lib/tiposkripto/BaseGiven.ts(54,10): error TS2551: Property 'fails' does not exist on type 'BaseGiven<I>'. Did you mean 'fail'?
src/lib/tiposkripto/BaseGiven.ts(103,10): error TS2551: Property 'fails' does not exist on type 'BaseGiven<I>'. Did you mean 'fail'?
src/lib/tiposkripto/BaseGiven.ts(124,12): error TS2551: Property 'fails' does not exist on type 'BaseGiven<I>'. Did you mean 'fail'?
src/lib/tiposkripto/BaseGiven.ts(130,41): error TS2802: Type 'ArrayIterator<[number, any]>' can only be iterated through when using the '--downlevelIteration' flag or with a '--target' of 'es2015' or higher.
src/lib/tiposkripto/BaseGiven.ts(142,16): error TS2551: Property 'fails' does not exist on type 'BaseGiven<I>'. Did you mean 'fail'?
src/lib/tiposkripto/BaseGiven.ts(153,20): error TS2554: Expected 3 arguments, but got 2.
src/lib/tiposkripto/BaseGiven.ts(156,14): error TS2551: Property 'fails' does not exist on type 'BaseGiven<I>'. Did you mean 'fail'?
src/lib/tiposkripto/BaseSuite.ts(2,43): error TS2307: Cannot find module '../CoreTypes' or its corresponding type declarations.
src/lib/tiposkripto/BaseSuite.ts(66,26): error TS2339: Property 'name' does not exist on type 'never'.
src/lib/tiposkripto/BaseSuite.ts(136,32): error TS2554: Expected 3 arguments, but got 2.
src/lib/tiposkripto/BaseSuite.ts(146,34): error TS2554: Expected 6 arguments, but got 5.
src/lib/tiposkripto/BaseSuite.ts(154,29): error TS2551: Property 'fails' does not exist on type 'BaseGiven<I>'. Did you mean 'fail'?
src/lib/tiposkripto/BaseSuite.ts(160,19): error TS2551: Property 'fails' does not exist on type 'BaseGiven<I>'. Did you mean 'fail'?
src/lib/tiposkripto/BaseSuite.ts(161,31): error TS2551: Property 'fails' does not exist on type 'BaseGiven<I>'. Did you mean 'fail'?
src/lib/tiposkripto/BaseSuite.ts(176,12): error TS2554: Expected 2 arguments, but got 1.
src/lib/tiposkripto/BaseThen.ts(2,34): error TS2307: Cannot find module '../CoreTypes' or its corresponding type declarations.
src/lib/tiposkripto/BaseTiposkripto.ts(64,10): error TS2339: Property 'testResourceConfiguration' does not exist on type 'BaseTiposkripto<I, O, M>'.
src/lib/tiposkripto/BaseTiposkripto.ts(90,19): error TS2416: Property 'setup' in type '(Anonymous class)' is not assignable to the same property in base type 'BaseSuite<I, O>'.
  Type '(s: I["iinput"], tr: ITestResourceConfiguration) => Promise<I["isubject"]>' is not assignable to type '(s: I["iinput"], artifactory: ITestArtifactory, tr: ITestResourceConfiguration) => Promise<I["isubject"]>'.
    Types of parameters 'tr' and 'artifactory' are incompatible.
      Type 'ITestArtifactory' is not assignable to type 'ITestResourceConfiguration'.
src/lib/tiposkripto/BaseTiposkripto.ts(190,7): error TS2345: Argument of type 'Record<string, any>' is not assignable to parameter of type 'SuiteSpecification<I, O>'.
src/lib/tiposkripto/BaseTiposkripto.ts(211,17): error TS2345: Argument of type 'ITestResourceConfiguration | { name: string; fs: string; ports: undefined[]; timeout: number; retries: number; environment: {}; }' is not assignable to parameter of type 'ITestResourceConfiguration'.
  Object literal may only specify known properties, and 'timeout' does not exist in type 'ITestResourceConfiguration'.
src/lib/tiposkripto/BaseTiposkripto.ts(274,10): error TS2554: Expected 1 arguments, but got 0.
src/lib/tiposkripto/index.ts(27,12): error TS2349: This expression is not callable.
  Type '{}' has no call signatures.
src/lib/tiposkripto/index.ts(34,12): error TS2349: This expression is not callable.
  Type '{}' has no call signatures.
src/lib/tiposkripto/Node.ts(1,8): error TS1192: Module '"fs"' has no default export.
src/lib/tiposkripto/Node.ts(31,7): error TS2345: Argument of type 'ITestImplementation<I, O, M>' is not assignable to parameter of type 'Omit<{ suites: TestSuiteImplementation<O>; givens: TestGivenImplementation<I, O>; whens: TestWhenImplementation<I, O>; thens: TestThenImplementation<...>; }, keyof M> & M & { ...; }'.
  Type 'Omit<{ suites: TestSuiteImplementation<O>; givens: TestGivenImplementation<I, O>; whens: TestWhenImplementation<I, O>; thens: TestThenImplementation<...>; }, keyof M>' is missing the following properties from type '{ suites: Record<string, never>; givens: Record<string, any>; whens: Record<string, any>; thens: Record<string, any>; }': suites, givens, whens, thens
src/lib/tiposkripto/Tiposkripto.ts(7,8): error TS2307: Cannot find module '../CoreTypes' or its corresponding type declarations.
src/lib/tiposkripto/Tiposkripto.ts(10,26): error TS2307: Cannot find module './Analyzer' or its corresponding type declarations.
src/lib/tiposkripto/Tiposkripto.ts(17,12): error TS1378: Top-level 'await' expressions are only allowed when the 'module' option is set to 'es2022', 'esnext', 'system', 'node16', 'node18', 'node20', 'nodenext', or 'preserve', and the 'target' option is set to 'es2017' or higher.
src/lib/tiposkripto/Tiposkripto.ts(19,12): error TS1378: Top-level 'await' expressions are only allowed when the 'module' option is set to 'es2022', 'esnext', 'system', 'node16', 'node18', 'node20', 'nodenext', or 'preserve', and the 'target' option is set to 'es2017' or higher.
src/lib/tiposkripto/Tiposkripto.ts(29,28): error TS2552: Cannot find name 'ITestResourceRequest'. Did you mean 'ITTestResourceRequest'?
src/lib/tiposkripto/Tiposkripto.ts(30,31): error TS2304: Cannot find name 'ITestResourceConfiguration'.
src/lib/tiposkripto/Tiposkripto.ts(43,35): error TS2304: Cannot find name 'ITestResourceConfiguration'.
src/lib/tiposkripto/Web.ts(38,7): error TS2345: Argument of type 'ITestImplementation<I, O, M>' is not assignable to parameter of type 'Omit<{ suites: TestSuiteImplementation<O>; givens: TestGivenImplementation<I, O>; whens: TestWhenImplementation<I, O>; thens: TestThenImplementation<...>; }, keyof M> & M & { ...; }'.
  Type 'Omit<{ suites: TestSuiteImplementation<O>; givens: TestGivenImplementation<I, O>; whens: TestWhenImplementation<I, O>; thens: TestThenImplementation<...>; }, keyof M>' is missing the following properties from type '{ suites: Record<string, never>; givens: Record<string, any>; whens: Record<string, any>; thens: Record<string, any>; }': suites, givens, whens, thens
info Visit https://yarnpkg.com/en/docs/cli/run for documentation about this command.

[2026-01-13T00:53:32.744Z] [stderr] warning ../../package.json: No license field
error Command failed with exit code 2.

[2026-01-13T00:53:32.744Z] [stderr] Process allTests-node-Calculator.test-1 completed with non-critical error
[2026-01-13T00:53:35.314Z] [stdout] $ /Users/adam/Code/testeranto/node_modules/.bin/tsc --noEmit src/lib/tiposkripto/Tiposkripto.ts example/Calculator.ts example/Calculator.test.adapter.ts example/Calculator.test.implementation.ts example/Calculator.test.specification.ts example/Calculator.test.ts
example/Calculator.test.adapter.ts(8,3): error TS2322: Type '(subject: typeof Calculator, initializer: (c?: any) => () => Calculator, testResource: ITestResourceConfiguration, initialValues: any) => Promise<() => Calculator>' is not assignable to type '(subject: typeof Calculator, initializer: (c?: any) => () => Calculator, testResource: ITestResourceConfiguration, initialValues: any) => Promise<Calculator>'.
  Type 'Promise<() => Calculator>' is not assignable to type 'Promise<Calculator>'.
    Type '() => Calculator' is not assignable to type 'Calculator'.
example/Calculator.test.adapter.ts(44,3): error TS2322: Type '(actual: string) => string' is not assignable to type '(x: (calculator: Calculator) => void) => any'.
  Types of parameters 'actual' and 'x' are incompatible.
    Type '(calculator: Calculator) => void' is not assignable to type 'string'.
example/Calculator.test.implementation.ts(8,5): error TS2322: Type '{ description: string; }' is not assignable to type 'string'.
example/Calculator.test.ts(1,26): error TS2307: Cannot find module '../src/lib/tiposkripto/Analyzer' or its corresponding type declarations.
node_modules/@types/react-transition-group/TransitionGroup.d.ts(1,34): error TS2305: Module '"react"' has no exported member 'JSX'.
node_modules/@types/react/index.d.ts(41,53): error TS2307: Cannot find module 'scheduler/tracing' or its corresponding type declarations.
src/CoreTypes.ts(1,44): error TS2307: Cannot find module './tiposkripto' or its corresponding type declarations.
src/CoreTypes.ts(2,27): error TS2307: Cannot find module './tiposkripto/BaseSuite' or its corresponding type declarations.
src/lib/tiposkripto/BaseGiven.ts(1,34): error TS2307: Cannot find module '../CoreTypes' or its corresponding type declarations.
src/lib/tiposkripto/BaseGiven.ts(54,10): error TS2551: Property 'fails' does not exist on type 'BaseGiven<I>'. Did you mean 'fail'?
src/lib/tiposkripto/BaseGiven.ts(103,10): error TS2551: Property 'fails' does not exist on type 'BaseGiven<I>'. Did you mean 'fail'?
src/lib/tiposkripto/BaseGiven.ts(124,12): error TS2551: Property 'fails' does not exist on type 'BaseGiven<I>'. Did you mean 'fail'?
src/lib/tiposkripto/BaseGiven.ts(130,41): error TS2802: Type 'ArrayIterator<[number, any]>' can only be iterated through when using the '--downlevelIteration' flag or with a '--target' of 'es2015' or higher.
src/lib/tiposkripto/BaseGiven.ts(142,16): error TS2551: Property 'fails' does not exist on type 'BaseGiven<I>'. Did you mean 'fail'?
src/lib/tiposkripto/BaseGiven.ts(153,20): error TS2554: Expected 3 arguments, but got 2.
src/lib/tiposkripto/BaseGiven.ts(156,14): error TS2551: Property 'fails' does not exist on type 'BaseGiven<I>'. Did you mean 'fail'?
src/lib/tiposkripto/BaseSuite.ts(2,43): error TS2307: Cannot find module '../CoreTypes' or its corresponding type declarations.
src/lib/tiposkripto/BaseSuite.ts(66,26): error TS2339: Property 'name' does not exist on type 'never'.
src/lib/tiposkripto/BaseSuite.ts(136,32): error TS2554: Expected 3 arguments, but got 2.
src/lib/tiposkripto/BaseSuite.ts(146,34): error TS2554: Expected 6 arguments, but got 5.
src/lib/tiposkripto/BaseSuite.ts(154,29): error TS2551: Property 'fails' does not exist on type 'BaseGiven<I>'. Did you mean 'fail'?
src/lib/tiposkripto/BaseSuite.ts(160,19): error TS2551: Property 'fails' does not exist on type 'BaseGiven<I>'. Did you mean 'fail'?
src/lib/tiposkripto/BaseSuite.ts(161,31): error TS2551: Property 'fails' does not exist on type 'BaseGiven<I>'. Did you mean 'fail'?
src/lib/tiposkripto/BaseSuite.ts(176,12): error TS2554: Expected 2 arguments, but got 1.
src/lib/tiposkripto/BaseThen.ts(2,34): error TS2307: Cannot find module '../CoreTypes' or its corresponding type declarations.
src/lib/tiposkripto/BaseTiposkripto.ts(64,10): error TS2339: Property 'testResourceConfiguration' does not exist on type 'BaseTiposkripto<I, O, M>'.
src/lib/tiposkripto/BaseTiposkripto.ts(90,19): error TS2416: Property 'setup' in type '(Anonymous class)' is not assignable to the same property in base type 'BaseSuite<I, O>'.
  Type '(s: I["iinput"], tr: ITestResourceConfiguration) => Promise<I["isubject"]>' is not assignable to type '(s: I["iinput"], artifactory: ITestArtifactory, tr: ITestResourceConfiguration) => Promise<I["isubject"]>'.
    Types of parameters 'tr' and 'artifactory' are incompatible.
      Type 'ITestArtifactory' is not assignable to type 'ITestResourceConfiguration'.
src/lib/tiposkripto/BaseTiposkripto.ts(190,7): error TS2345: Argument of type 'Record<string, any>' is not assignable to parameter of type 'SuiteSpecification<I, O>'.
src/lib/tiposkripto/BaseTiposkripto.ts(211,17): error TS2345: Argument of type 'ITestResourceConfiguration | { name: string; fs: string; ports: undefined[]; timeout: number; retries: number; environment: {}; }' is not assignable to parameter of type 'ITestResourceConfiguration'.
  Object literal may only specify known properties, and 'timeout' does not exist in type 'ITestResourceConfiguration'.
src/lib/tiposkripto/BaseTiposkripto.ts(274,10): error TS2554: Expected 1 arguments, but got 0.
src/lib/tiposkripto/index.ts(27,12): error TS2349: This expression is not callable.
  Type '{}' has no call signatures.
src/lib/tiposkripto/index.ts(34,12): error TS2349: This expression is not callable.
  Type '{}' has no call signatures.
src/lib/tiposkripto/Node.ts(1,8): error TS1192: Module '"fs"' has no default export.
src/lib/tiposkripto/Node.ts(31,7): error TS2345: Argument of type 'ITestImplementation<I, O, M>' is not assignable to parameter of type 'Omit<{ suites: TestSuiteImplementation<O>; givens: TestGivenImplementation<I, O>; whens: TestWhenImplementation<I, O>; thens: TestThenImplementation<...>; }, keyof M> & M & { ...; }'.
  Type 'Omit<{ suites: TestSuiteImplementation<O>; givens: TestGivenImplementation<I, O>; whens: TestWhenImplementation<I, O>; thens: TestThenImplementation<...>; }, keyof M>' is missing the following properties from type '{ suites: Record<string, never>; givens: Record<string, any>; whens: Record<string, any>; thens: Record<string, any>; }': suites, givens, whens, thens
src/lib/tiposkripto/Tiposkripto.ts(7,8): error TS2307: Cannot find module '../CoreTypes' or its corresponding type declarations.
src/lib/tiposkripto/Tiposkripto.ts(10,26): error TS2307: Cannot find module './Analyzer' or its corresponding type declarations.
src/lib/tiposkripto/Tiposkripto.ts(17,12): error TS1378: Top-level 'await' expressions are only allowed when the 'module' option is set to 'es2022', 'esnext', 'system', 'node16', 'node18', 'node20', 'nodenext', or 'preserve', and the 'target' option is set to 'es2017' or higher.
src/lib/tiposkripto/Tiposkripto.ts(19,12): error TS1378: Top-level 'await' expressions are only allowed when the 'module' option is set to 'es2022', 'esnext', 'system', 'node16', 'node18', 'node20', 'nodenext', or 'preserve', and the 'target' option is set to 'es2017' or higher.
src/lib/tiposkripto/Tiposkripto.ts(29,28): error TS2552: Cannot find name 'ITestResourceRequest'. Did you mean 'ITTestResourceRequest'?
src/lib/tiposkripto/Tiposkripto.ts(30,31): error TS2304: Cannot find name 'ITestResourceConfiguration'.
src/lib/tiposkripto/Tiposkripto.ts(43,35): error TS2304: Cannot find name 'ITestResourceConfiguration'.
src/lib/tiposkripto/Web.ts(38,7): error TS2345: Argument of type 'ITestImplementation<I, O, M>' is not assignable to parameter of type 'Omit<{ suites: TestSuiteImplementation<O>; givens: TestGivenImplementation<I, O>; whens: TestWhenImplementation<I, O>; thens: TestThenImplementation<...>; }, keyof M> & M & { ...; }'.
  Type 'Omit<{ suites: TestSuiteImplementation<O>; givens: TestGivenImplementation<I, O>; whens: TestWhenImplementation<I, O>; thens: TestThenImplementation<...>; }, keyof M>' is missing the following properties from type '{ suites: Record<string, never>; givens: Record<string, any>; whens: Record<string, any>; thens: Record<string, any>; }': suites, givens, whens, thens
info Visit https://yarnpkg.com/en/docs/cli/run for documentation about this command.

[2026-01-13T00:53:35.315Z] [stderr] warning ../../package.json: No license field
error Command failed with exit code 2.

[2026-01-13T00:53:35.315Z] [stderr] Process allTests-node-Calculator.test-1 completed with non-critical error
[2026-01-13T00:53:39.371Z] [stdout] Starting command: yarn tsc --noEmit src/lib/tiposkripto/Tiposkripto.ts example/Calculator.ts example/Calculator.test.adapter.ts example/Calculator.test.implementation.ts example/Calculator.test.specification.ts example/Calculator.test.ts
[2026-01-13T00:53:42.567Z] [stdout] $ /Users/adam/Code/testeranto/node_modules/.bin/tsc --noEmit src/lib/tiposkripto/Tiposkripto.ts example/Calculator.ts example/Calculator.test.adapter.ts example/Calculator.test.implementation.ts example/Calculator.test.specification.ts example/Calculator.test.ts
example/Calculator.test.adapter.ts(8,3): error TS2322: Type '(subject: typeof Calculator, initializer: (c?: any) => () => Calculator, testResource: ITestResourceConfiguration, initialValues: any) => Promise<() => Calculator>' is not assignable to type '(subject: typeof Calculator, initializer: (c?: any) => () => Calculator, testResource: ITestResourceConfiguration, initialValues: any) => Promise<Calculator>'.
  Type 'Promise<() => Calculator>' is not assignable to type 'Promise<Calculator>'.
    Type '() => Calculator' is not assignable to type 'Calculator'.
example/Calculator.test.adapter.ts(44,3): error TS2322: Type '(actual: string) => string' is not assignable to type '(x: (calculator: Calculator) => void) => any'.
  Types of parameters 'actual' and 'x' are incompatible.
    Type '(calculator: Calculator) => void' is not assignable to type 'string'.
example/Calculator.test.implementation.ts(8,5): error TS2322: Type '{ description: string; }' is not assignable to type 'string'.
example/Calculator.test.ts(1,26): error TS2307: Cannot find module '../src/lib/tiposkripto/Analyzer' or its corresponding type declarations.
node_modules/@types/react-transition-group/TransitionGroup.d.ts(1,34): error TS2305: Module '"react"' has no exported member 'JSX'.
node_modules/@types/react/index.d.ts(41,53): error TS2307: Cannot find module 'scheduler/tracing' or its corresponding type declarations.
src/CoreTypes.ts(1,44): error TS2307: Cannot find module './tiposkripto' or its corresponding type declarations.
src/CoreTypes.ts(2,27): error TS2307: Cannot find module './tiposkripto/BaseSuite' or its corresponding type declarations.
src/lib/tiposkripto/BaseGiven.ts(1,34): error TS2307: Cannot find module '../CoreTypes' or its corresponding type declarations.
src/lib/tiposkripto/BaseGiven.ts(54,10): error TS2551: Property 'fails' does not exist on type 'BaseGiven<I>'. Did you mean 'fail'?
src/lib/tiposkripto/BaseGiven.ts(103,10): error TS2551: Property 'fails' does not exist on type 'BaseGiven<I>'. Did you mean 'fail'?
src/lib/tiposkripto/BaseGiven.ts(124,12): error TS2551: Property 'fails' does not exist on type 'BaseGiven<I>'. Did you mean 'fail'?
src/lib/tiposkripto/BaseGiven.ts(130,41): error TS2802: Type 'ArrayIterator<[number, any]>' can only be iterated through when using the '--downlevelIteration' flag or with a '--target' of 'es2015' or higher.
src/lib/tiposkripto/BaseGiven.ts(142,16): error TS2551: Property 'fails' does not exist on type 'BaseGiven<I>'. Did you mean 'fail'?
src/lib/tiposkripto/BaseGiven.ts(153,20): error TS2554: Expected 3 arguments, but got 2.
src/lib/tiposkripto/BaseGiven.ts(156,14): error TS2551: Property 'fails' does not exist on type 'BaseGiven<I>'. Did you mean 'fail'?
src/lib/tiposkripto/BaseSuite.ts(2,43): error TS2307: Cannot find module '../CoreTypes' or its corresponding type declarations.
src/lib/tiposkripto/BaseSuite.ts(66,26): error TS2339: Property 'name' does not exist on type 'never'.
src/lib/tiposkripto/BaseSuite.ts(136,32): error TS2554: Expected 3 arguments, but got 2.
src/lib/tiposkripto/BaseSuite.ts(146,34): error TS2554: Expected 6 arguments, but got 5.
src/lib/tiposkripto/BaseSuite.ts(154,29): error TS2551: Property 'fails' does not exist on type 'BaseGiven<I>'. Did you mean 'fail'?
src/lib/tiposkripto/BaseSuite.ts(160,19): error TS2551: Property 'fails' does not exist on type 'BaseGiven<I>'. Did you mean 'fail'?
src/lib/tiposkripto/BaseSuite.ts(161,31): error TS2551: Property 'fails' does not exist on type 'BaseGiven<I>'. Did you mean 'fail'?
src/lib/tiposkripto/BaseSuite.ts(176,12): error TS2554: Expected 2 arguments, but got 1.
src/lib/tiposkripto/BaseThen.ts(2,34): error TS2307: Cannot find module '../CoreTypes' or its corresponding type declarations.
src/lib/tiposkripto/BaseTiposkripto.ts(64,10): error TS2339: Property 'testResourceConfiguration' does not exist on type 'BaseTiposkripto<I, O, M>'.
src/lib/tiposkripto/BaseTiposkripto.ts(90,19): error TS2416: Property 'setup' in type '(Anonymous class)' is not assignable to the same property in base type 'BaseSuite<I, O>'.
  Type '(s: I["iinput"], tr: ITestResourceConfiguration) => Promise<I["isubject"]>' is not assignable to type '(s: I["iinput"], artifactory: ITestArtifactory, tr: ITestResourceConfiguration) => Promise<I["isubject"]>'.
    Types of parameters 'tr' and 'artifactory' are incompatible.
      Type 'ITestArtifactory' is not assignable to type 'ITestResourceConfiguration'.
src/lib/tiposkripto/BaseTiposkripto.ts(190,7): error TS2345: Argument of type 'Record<string, any>' is not assignable to parameter of type 'SuiteSpecification<I, O>'.
src/lib/tiposkripto/BaseTiposkripto.ts(211,17): error TS2345: Argument of type 'ITestResourceConfiguration | { name: string; fs: string; ports: undefined[]; timeout: number; retries: number; environment: {}; }' is not assignable to parameter of type 'ITestResourceConfiguration'.
  Object literal may only specify known properties, and 'timeout' does not exist in type 'ITestResourceConfiguration'.
src/lib/tiposkripto/BaseTiposkripto.ts(274,10): error TS2554: Expected 1 arguments, but got 0.
src/lib/tiposkripto/index.ts(27,12): error TS2349: This expression is not callable.
  Type '{}' has no call signatures.
src/lib/tiposkripto/index.ts(34,12): error TS2349: This expression is not callable.
  Type '{}' has no call signatures.
src/lib/tiposkripto/Node.ts(1,8): error TS1192: Module '"fs"' has no default export.
src/lib/tiposkripto/Node.ts(31,7): error TS2345: Argument of type 'ITestImplementation<I, O, M>' is not assignable to parameter of type 'Omit<{ suites: TestSuiteImplementation<O>; givens: TestGivenImplementation<I, O>; whens: TestWhenImplementation<I, O>; thens: TestThenImplementation<...>; }, keyof M> & M & { ...; }'.
  Type 'Omit<{ suites: TestSuiteImplementation<O>; givens: TestGivenImplementation<I, O>; whens: TestWhenImplementation<I, O>; thens: TestThenImplementation<...>; }, keyof M>' is missing the following properties from type '{ suites: Record<string, never>; givens: Record<string, any>; whens: Record<string, any>; thens: Record<string, any>; }': suites, givens, whens, thens
src/lib/tiposkripto/Tiposkripto.ts(7,8): error TS2307: Cannot find module '../CoreTypes' or its corresponding type declarations.
src/lib/tiposkripto/Tiposkripto.ts(10,26): error TS2307: Cannot find module './Analyzer' or its corresponding type declarations.
src/lib/tiposkripto/Tiposkripto.ts(17,12): error TS1378: Top-level 'await' expressions are only allowed when the 'module' option is set to 'es2022', 'esnext', 'system', 'node16', 'node18', 'node20', 'nodenext', or 'preserve', and the 'target' option is set to 'es2017' or higher.
src/lib/tiposkripto/Tiposkripto.ts(19,12): error TS1378: Top-level 'await' expressions are only allowed when the 'module' option is set to 'es2022', 'esnext', 'system', 'node16', 'node18', 'node20', 'nodenext', or 'preserve', and the 'target' option is set to 'es2017' or higher.
src/lib/tiposkripto/Tiposkripto.ts(29,28): error TS2552: Cannot find name 'ITestResourceRequest'. Did you mean 'ITTestResourceRequest'?
src/lib/tiposkripto/Tiposkripto.ts(30,31): error TS2304: Cannot find name 'ITestResourceConfiguration'.
src/lib/tiposkripto/Tiposkripto.ts(43,35): error TS2304: Cannot find name 'ITestResourceConfiguration'.
src/lib/tiposkripto/Web.ts(38,7): error TS2345: Argument of type 'ITestImplementation<I, O, M>' is not assignable to parameter of type 'Omit<{ suites: TestSuiteImplementation<O>; givens: TestGivenImplementation<I, O>; whens: TestWhenImplementation<I, O>; thens: TestThenImplementation<...>; }, keyof M> & M & { ...; }'.
  Type 'Omit<{ suites: TestSuiteImplementation<O>; givens: TestGivenImplementation<I, O>; whens: TestWhenImplementation<I, O>; thens: TestThenImplementation<...>; }, keyof M>' is missing the following properties from type '{ suites: Record<string, never>; givens: Record<string, any>; whens: Record<string, any>; thens: Record<string, any>; }': suites, givens, whens, thens
info Visit https://yarnpkg.com/en/docs/cli/run for documentation about this command.

[2026-01-13T00:53:42.567Z] [stderr] warning ../../package.json: No license field
error Command failed with exit code 2.

[2026-01-13T00:53:42.567Z] [stderr] Process allTests-node-Calculator.test-1 completed with non-critical error
[2026-01-13T00:53:52.953Z] [stdout] Starting command: yarn tsc --noEmit src/lib/tiposkripto/Tiposkripto.ts example/Calculator.ts example/Calculator.test.adapter.ts example/Calculator.test.implementation.ts example/Calculator.test.specification.ts example/Calculator.test.ts
[2026-01-13T00:53:56.125Z] [stdout] $ /Users/adam/Code/testeranto/node_modules/.bin/tsc --noEmit src/lib/tiposkripto/Tiposkripto.ts example/Calculator.ts example/Calculator.test.adapter.ts example/Calculator.test.implementation.ts example/Calculator.test.specification.ts example/Calculator.test.ts
example/Calculator.test.adapter.ts(8,3): error TS2322: Type '(subject: typeof Calculator, initializer: (c?: any) => () => Calculator, testResource: ITestResourceConfiguration, initialValues: any) => Promise<() => Calculator>' is not assignable to type '(subject: typeof Calculator, initializer: (c?: any) => () => Calculator, testResource: ITestResourceConfiguration, initialValues: any) => Promise<Calculator>'.
  Type 'Promise<() => Calculator>' is not assignable to type 'Promise<Calculator>'.
    Type '() => Calculator' is not assignable to type 'Calculator'.
example/Calculator.test.adapter.ts(44,3): error TS2322: Type '(actual: string) => string' is not assignable to type '(x: (calculator: Calculator) => void) => any'.
  Types of parameters 'actual' and 'x' are incompatible.
    Type '(calculator: Calculator) => void' is not assignable to type 'string'.
example/Calculator.test.implementation.ts(8,5): error TS2322: Type '{ description: string; }' is not assignable to type 'string'.
example/Calculator.test.ts(1,26): error TS2307: Cannot find module '../src/lib/tiposkripto/Analyzer' or its corresponding type declarations.
node_modules/@types/react-transition-group/TransitionGroup.d.ts(1,34): error TS2305: Module '"react"' has no exported member 'JSX'.
node_modules/@types/react/index.d.ts(41,53): error TS2307: Cannot find module 'scheduler/tracing' or its corresponding type declarations.
src/CoreTypes.ts(1,44): error TS2307: Cannot find module './tiposkripto' or its corresponding type declarations.
src/CoreTypes.ts(2,27): error TS2307: Cannot find module './tiposkripto/BaseSuite' or its corresponding type declarations.
src/lib/tiposkripto/BaseGiven.ts(1,34): error TS2307: Cannot find module '../CoreTypes' or its corresponding type declarations.
src/lib/tiposkripto/BaseGiven.ts(54,10): error TS2551: Property 'fails' does not exist on type 'BaseGiven<I>'. Did you mean 'fail'?
src/lib/tiposkripto/BaseGiven.ts(103,10): error TS2551: Property 'fails' does not exist on type 'BaseGiven<I>'. Did you mean 'fail'?
src/lib/tiposkripto/BaseGiven.ts(124,12): error TS2551: Property 'fails' does not exist on type 'BaseGiven<I>'. Did you mean 'fail'?
src/lib/tiposkripto/BaseGiven.ts(130,41): error TS2802: Type 'ArrayIterator<[number, any]>' can only be iterated through when using the '--downlevelIteration' flag or with a '--target' of 'es2015' or higher.
src/lib/tiposkripto/BaseGiven.ts(142,16): error TS2551: Property 'fails' does not exist on type 'BaseGiven<I>'. Did you mean 'fail'?
src/lib/tiposkripto/BaseGiven.ts(153,20): error TS2554: Expected 3 arguments, but got 2.
src/lib/tiposkripto/BaseGiven.ts(156,14): error TS2551: Property 'fails' does not exist on type 'BaseGiven<I>'. Did you mean 'fail'?
src/lib/tiposkripto/BaseSuite.ts(2,43): error TS2307: Cannot find module '../CoreTypes' or its corresponding type declarations.
src/lib/tiposkripto/BaseSuite.ts(66,26): error TS2339: Property 'name' does not exist on type 'never'.
src/lib/tiposkripto/BaseSuite.ts(136,32): error TS2554: Expected 3 arguments, but got 2.
src/lib/tiposkripto/BaseSuite.ts(146,34): error TS2554: Expected 6 arguments, but got 5.
src/lib/tiposkripto/BaseSuite.ts(154,29): error TS2551: Property 'fails' does not exist on type 'BaseGiven<I>'. Did you mean 'fail'?
src/lib/tiposkripto/BaseSuite.ts(160,19): error TS2551: Property 'fails' does not exist on type 'BaseGiven<I>'. Did you mean 'fail'?
src/lib/tiposkripto/BaseSuite.ts(161,31): error TS2551: Property 'fails' does not exist on type 'BaseGiven<I>'. Did you mean 'fail'?
src/lib/tiposkripto/BaseSuite.ts(176,12): error TS2554: Expected 2 arguments, but got 1.
src/lib/tiposkripto/BaseThen.ts(2,34): error TS2307: Cannot find module '../CoreTypes' or its corresponding type declarations.
src/lib/tiposkripto/BaseTiposkripto.ts(64,10): error TS2339: Property 'testResourceConfiguration' does not exist on type 'BaseTiposkripto<I, O, M>'.
src/lib/tiposkripto/BaseTiposkripto.ts(90,19): error TS2416: Property 'setup' in type '(Anonymous class)' is not assignable to the same property in base type 'BaseSuite<I, O>'.
  Type '(s: I["iinput"], tr: ITestResourceConfiguration) => Promise<I["isubject"]>' is not assignable to type '(s: I["iinput"], artifactory: ITestArtifactory, tr: ITestResourceConfiguration) => Promise<I["isubject"]>'.
    Types of parameters 'tr' and 'artifactory' are incompatible.
      Type 'ITestArtifactory' is not assignable to type 'ITestResourceConfiguration'.
src/lib/tiposkripto/BaseTiposkripto.ts(190,7): error TS2345: Argument of type 'Record<string, any>' is not assignable to parameter of type 'SuiteSpecification<I, O>'.
src/lib/tiposkripto/BaseTiposkripto.ts(211,17): error TS2345: Argument of type 'ITestResourceConfiguration | { name: string; fs: string; ports: undefined[]; timeout: number; retries: number; environment: {}; }' is not assignable to parameter of type 'ITestResourceConfiguration'.
  Object literal may only specify known properties, and 'timeout' does not exist in type 'ITestResourceConfiguration'.
src/lib/tiposkripto/BaseTiposkripto.ts(274,10): error TS2554: Expected 1 arguments, but got 0.
src/lib/tiposkripto/index.ts(27,12): error TS2349: This expression is not callable.
  Type '{}' has no call signatures.
src/lib/tiposkripto/index.ts(34,12): error TS2349: This expression is not callable.
  Type '{}' has no call signatures.
src/lib/tiposkripto/Node.ts(1,8): error TS1192: Module '"fs"' has no default export.
src/lib/tiposkripto/Node.ts(31,7): error TS2345: Argument of type 'ITestImplementation<I, O, M>' is not assignable to parameter of type 'Omit<{ suites: TestSuiteImplementation<O>; givens: TestGivenImplementation<I, O>; whens: TestWhenImplementation<I, O>; thens: TestThenImplementation<...>; }, keyof M> & M & { ...; }'.
  Type 'Omit<{ suites: TestSuiteImplementation<O>; givens: TestGivenImplementation<I, O>; whens: TestWhenImplementation<I, O>; thens: TestThenImplementation<...>; }, keyof M>' is missing the following properties from type '{ suites: Record<string, never>; givens: Record<string, any>; whens: Record<string, any>; thens: Record<string, any>; }': suites, givens, whens, thens
src/lib/tiposkripto/Tiposkripto.ts(7,8): error TS2307: Cannot find module '../CoreTypes' or its corresponding type declarations.
src/lib/tiposkripto/Tiposkripto.ts(10,26): error TS2307: Cannot find module './Analyzer' or its corresponding type declarations.
src/lib/tiposkripto/Tiposkripto.ts(17,12): error TS1378: Top-level 'await' expressions are only allowed when the 'module' option is set to 'es2022', 'esnext', 'system', 'node16', 'node18', 'node20', 'nodenext', or 'preserve', and the 'target' option is set to 'es2017' or higher.
src/lib/tiposkripto/Tiposkripto.ts(19,12): error TS1378: Top-level 'await' expressions are only allowed when the 'module' option is set to 'es2022', 'esnext', 'system', 'node16', 'node18', 'node20', 'nodenext', or 'preserve', and the 'target' option is set to 'es2017' or higher.
src/lib/tiposkripto/Tiposkripto.ts(29,28): error TS2552: Cannot find name 'ITestResourceRequest'. Did you mean 'ITTestResourceRequest'?
src/lib/tiposkripto/Tiposkripto.ts(30,31): error TS2304: Cannot find name 'ITestResourceConfiguration'.
src/lib/tiposkripto/Tiposkripto.ts(43,35): error TS2304: Cannot find name 'ITestResourceConfiguration'.
src/lib/tiposkripto/Web.ts(38,7): error TS2345: Argument of type 'ITestImplementation<I, O, M>' is not assignable to parameter of type 'Omit<{ suites: TestSuiteImplementation<O>; givens: TestGivenImplementation<I, O>; whens: TestWhenImplementation<I, O>; thens: TestThenImplementation<...>; }, keyof M> & M & { ...; }'.
  Type 'Omit<{ suites: TestSuiteImplementation<O>; givens: TestGivenImplementation<I, O>; whens: TestWhenImplementation<I, O>; thens: TestThenImplementation<...>; }, keyof M>' is missing the following properties from type '{ suites: Record<string, never>; givens: Record<string, any>; whens: Record<string, any>; thens: Record<string, any>; }': suites, givens, whens, thens
info Visit https://yarnpkg.com/en/docs/cli/run for documentation about this command.

[2026-01-13T00:53:56.125Z] [stderr] warning ../../package.json: No license field
error Command failed with exit code 2.

[2026-01-13T00:53:56.125Z] [stderr] Process allTests-node-Calculator.test-1 completed with non-critical error
[2026-01-13T00:54:19.328Z] [stdout] Starting command: yarn tsc --noEmit src/lib/tiposkripto/Tiposkripto.ts example/Calculator.ts example/Calculator.test.adapter.ts example/Calculator.test.implementation.ts example/Calculator.test.specification.ts example/Calculator.test.ts
[2026-01-13T00:54:22.439Z] [stdout] $ /Users/adam/Code/testeranto/node_modules/.bin/tsc --noEmit src/lib/tiposkripto/Tiposkripto.ts example/Calculator.ts example/Calculator.test.adapter.ts example/Calculator.test.implementation.ts example/Calculator.test.specification.ts example/Calculator.test.ts
example/Calculator.test.adapter.ts(8,3): error TS2322: Type '(subject: typeof Calculator, initializer: (c?: any) => () => Calculator, testResource: ITestResourceConfiguration, initialValues: any) => Promise<() => Calculator>' is not assignable to type '(subject: typeof Calculator, initializer: (c?: any) => () => Calculator, testResource: ITestResourceConfiguration, initialValues: any) => Promise<Calculator>'.
  Type 'Promise<() => Calculator>' is not assignable to type 'Promise<Calculator>'.
    Type '() => Calculator' is not assignable to type 'Calculator'.
example/Calculator.test.adapter.ts(44,3): error TS2322: Type '(actual: string) => string' is not assignable to type '(x: (calculator: Calculator) => void) => any'.
  Types of parameters 'actual' and 'x' are incompatible.
    Type '(calculator: Calculator) => void' is not assignable to type 'string'.
example/Calculator.test.implementation.ts(8,5): error TS2322: Type '{ description: string; }' is not assignable to type 'string'.
example/Calculator.test.ts(1,26): error TS2307: Cannot find module '../src/lib/tiposkripto/Analyzer' or its corresponding type declarations.
node_modules/@types/react-transition-group/TransitionGroup.d.ts(1,34): error TS2305: Module '"react"' has no exported member 'JSX'.
node_modules/@types/react/index.d.ts(41,53): error TS2307: Cannot find module 'scheduler/tracing' or its corresponding type declarations.
src/CoreTypes.ts(1,44): error TS2307: Cannot find module './tiposkripto' or its corresponding type declarations.
src/CoreTypes.ts(2,27): error TS2307: Cannot find module './tiposkripto/BaseSuite' or its corresponding type declarations.
src/lib/tiposkripto/BaseGiven.ts(1,34): error TS2307: Cannot find module '../CoreTypes' or its corresponding type declarations.
src/lib/tiposkripto/BaseGiven.ts(54,10): error TS2551: Property 'fails' does not exist on type 'BaseGiven<I>'. Did you mean 'fail'?
src/lib/tiposkripto/BaseGiven.ts(103,10): error TS2551: Property 'fails' does not exist on type 'BaseGiven<I>'. Did you mean 'fail'?
src/lib/tiposkripto/BaseGiven.ts(124,12): error TS2551: Property 'fails' does not exist on type 'BaseGiven<I>'. Did you mean 'fail'?
src/lib/tiposkripto/BaseGiven.ts(130,41): error TS2802: Type 'ArrayIterator<[number, any]>' can only be iterated through when using the '--downlevelIteration' flag or with a '--target' of 'es2015' or higher.
src/lib/tiposkripto/BaseGiven.ts(142,16): error TS2551: Property 'fails' does not exist on type 'BaseGiven<I>'. Did you mean 'fail'?
src/lib/tiposkripto/BaseGiven.ts(153,20): error TS2554: Expected 3 arguments, but got 2.
src/lib/tiposkripto/BaseGiven.ts(156,14): error TS2551: Property 'fails' does not exist on type 'BaseGiven<I>'. Did you mean 'fail'?
src/lib/tiposkripto/BaseSuite.ts(2,43): error TS2307: Cannot find module '../CoreTypes' or its corresponding type declarations.
src/lib/tiposkripto/BaseSuite.ts(66,26): error TS2339: Property 'name' does not exist on type 'never'.
src/lib/tiposkripto/BaseSuite.ts(136,32): error TS2554: Expected 3 arguments, but got 2.
src/lib/tiposkripto/BaseSuite.ts(146,34): error TS2554: Expected 6 arguments, but got 5.
src/lib/tiposkripto/BaseSuite.ts(154,29): error TS2551: Property 'fails' does not exist on type 'BaseGiven<I>'. Did you mean 'fail'?
src/lib/tiposkripto/BaseSuite.ts(160,19): error TS2551: Property 'fails' does not exist on type 'BaseGiven<I>'. Did you mean 'fail'?
src/lib/tiposkripto/BaseSuite.ts(161,31): error TS2551: Property 'fails' does not exist on type 'BaseGiven<I>'. Did you mean 'fail'?
src/lib/tiposkripto/BaseSuite.ts(176,12): error TS2554: Expected 2 arguments, but got 1.
src/lib/tiposkripto/BaseThen.ts(2,34): error TS2307: Cannot find module '../CoreTypes' or its corresponding type declarations.
src/lib/tiposkripto/BaseTiposkripto.ts(64,10): error TS2339: Property 'testResourceConfiguration' does not exist on type 'BaseTiposkripto<I, O, M>'.
src/lib/tiposkripto/BaseTiposkripto.ts(90,19): error TS2416: Property 'setup' in type '(Anonymous class)' is not assignable to the same property in base type 'BaseSuite<I, O>'.
  Type '(s: I["iinput"], tr: ITestResourceConfiguration) => Promise<I["isubject"]>' is not assignable to type '(s: I["iinput"], artifactory: ITestArtifactory, tr: ITestResourceConfiguration) => Promise<I["isubject"]>'.
    Types of parameters 'tr' and 'artifactory' are incompatible.
      Type 'ITestArtifactory' is not assignable to type 'ITestResourceConfiguration'.
src/lib/tiposkripto/BaseTiposkripto.ts(190,7): error TS2345: Argument of type 'Record<string, any>' is not assignable to parameter of type 'SuiteSpecification<I, O>'.
src/lib/tiposkripto/BaseTiposkripto.ts(211,17): error TS2345: Argument of type 'ITestResourceConfiguration | { name: string; fs: string; ports: undefined[]; timeout: number; retries: number; environment: {}; }' is not assignable to parameter of type 'ITestResourceConfiguration'.
  Object literal may only specify known properties, and 'timeout' does not exist in type 'ITestResourceConfiguration'.
src/lib/tiposkripto/BaseTiposkripto.ts(274,10): error TS2554: Expected 1 arguments, but got 0.
src/lib/tiposkripto/index.ts(27,12): error TS2349: This expression is not callable.
  Type '{}' has no call signatures.
src/lib/tiposkripto/index.ts(34,12): error TS2349: This expression is not callable.
  Type '{}' has no call signatures.
src/lib/tiposkripto/Node.ts(1,8): error TS1192: Module '"fs"' has no default export.
src/lib/tiposkripto/Node.ts(31,7): error TS2345: Argument of type 'ITestImplementation<I, O, M>' is not assignable to parameter of type 'Omit<{ suites: TestSuiteImplementation<O>; givens: TestGivenImplementation<I, O>; whens: TestWhenImplementation<I, O>; thens: TestThenImplementation<...>; }, keyof M> & M & { ...; }'.
  Type 'Omit<{ suites: TestSuiteImplementation<O>; givens: TestGivenImplementation<I, O>; whens: TestWhenImplementation<I, O>; thens: TestThenImplementation<...>; }, keyof M>' is missing the following properties from type '{ suites: Record<string, never>; givens: Record<string, any>; whens: Record<string, any>; thens: Record<string, any>; }': suites, givens, whens, thens
src/lib/tiposkripto/Tiposkripto.ts(7,8): error TS2307: Cannot find module '../CoreTypes' or its corresponding type declarations.
src/lib/tiposkripto/Tiposkripto.ts(10,26): error TS2307: Cannot find module './Analyzer' or its corresponding type declarations.
src/lib/tiposkripto/Tiposkripto.ts(17,12): error TS1378: Top-level 'await' expressions are only allowed when the 'module' option is set to 'es2022', 'esnext', 'system', 'node16', 'node18', 'node20', 'nodenext', or 'preserve', and the 'target' option is set to 'es2017' or higher.
src/lib/tiposkripto/Tiposkripto.ts(19,12): error TS1378: Top-level 'await' expressions are only allowed when the 'module' option is set to 'es2022', 'esnext', 'system', 'node16', 'node18', 'node20', 'nodenext', or 'preserve', and the 'target' option is set to 'es2017' or higher.
src/lib/tiposkripto/Tiposkripto.ts(29,28): error TS2552: Cannot find name 'ITestResourceRequest'. Did you mean 'ITTestResourceRequest'?
src/lib/tiposkripto/Tiposkripto.ts(30,31): error TS2304: Cannot find name 'ITestResourceConfiguration'.
src/lib/tiposkripto/Tiposkripto.ts(43,35): error TS2304: Cannot find name 'ITestResourceConfiguration'.
src/lib/tiposkripto/Web.ts(38,7): error TS2345: Argument of type 'ITestImplementation<I, O, M>' is not assignable to parameter of type 'Omit<{ suites: TestSuiteImplementation<O>; givens: TestGivenImplementation<I, O>; whens: TestWhenImplementation<I, O>; thens: TestThenImplementation<...>; }, keyof M> & M & { ...; }'.
  Type 'Omit<{ suites: TestSuiteImplementation<O>; givens: TestGivenImplementation<I, O>; whens: TestWhenImplementation<I, O>; thens: TestThenImplementation<...>; }, keyof M>' is missing the following properties from type '{ suites: Record<string, never>; givens: Record<string, any>; whens: Record<string, any>; thens: Record<string, any>; }': suites, givens, whens, thens
info Visit https://yarnpkg.com/en/docs/cli/run for documentation about this command.

[2026-01-13T00:54:22.439Z] [stderr] warning ../../package.json: No license field
error Command failed with exit code 2.

[2026-01-13T00:54:22.439Z] [stderr] Process allTests-node-Calculator.test-1 completed with non-critical error
