Traceback (most recent call last):
  File "/Users/adam/Code/testeranto/example/Calculator.pitono.test.py", line 13, in <module>
    from ..src.pitono.Pitono import Pitono, set_default_instance, main
ImportError: attempted relative import with no known parent package

During handling of the above exception, another exception occurred:

Traceback (most recent call last):
  File "/Users/adam/Code/testeranto/example/Calculator.pitono.test.py", line 17, in <module>
    from src.pitono.Pitono import Pitono, set_default_instance, main
ModuleNotFoundError: No module named 'src'
