Failed to load resource: net::ERR_FILE_NOT_FOUND
AssertionError: Should show project names: expected +0 to be at least 1
    at Then.thenCB (file:///Users/adam/Code/testeranto/testeranto/bundles/web/core/src/components/pure/FeaturesReporterView.test/index.mjs?cacheBust=1756046081520:75:14)
    at file:///Users/adam/Code/testeranto/testeranto/bundles/web/core/chunk-TCOOP455.mjs:2737:39
    at Object.butThen (file:///Users/adam/Code/testeranto/testeranto/bundles/web/core/chunk-AU3OKALL.mjs:92:14)
    at Then.butThen (file:///Users/adam/Code/testeranto/testeranto/bundles/web/core/chunk-TCOOP455.mjs:2974:36)
    at Then.test (file:///Users/adam/Code/testeranto/testeranto/bundles/web/core/chunk-TCOOP455.mjs:2718:17)
    at Given.give (file:///Users/adam/Code/testeranto/testeranto/bundles/web/core/chunk-TCOOP455.mjs:2610:34)
    at async TesterantoCore.constructor.run (file:///Users/adam/Code/testeranto/testeranto/bundles/web/core/chunk-TCOOP455.mjs:2322:20)
    at async file:///Users/adam/Code/testeranto/testeranto/bundles/web/core/chunk-TCOOP455.mjs:2782:21
    at async Object.receiveTestResourceConfig (file:///Users/adam/Code/testeranto/testeranto/bundles/web/core/chunk-TCOOP455.mjs:2813:31)
    at async WebTesteranto.receiveTestResourceConfig (file:///Users/adam/Code/testeranto/testeranto/bundles/web/core/chunk-TCOOP455.mjs:2998:12)
AssertionError: Should show file paths: expected +0 to be at least 1
    at Then.thenCB (file:///Users/adam/Code/testeranto/testeranto/bundles/web/core/src/components/pure/FeaturesReporterView.test/index.mjs?cacheBust=1756046081520:80:14)
    at file:///Users/adam/Code/testeranto/testeranto/bundles/web/core/chunk-TCOOP455.mjs:2737:39
    at Object.butThen (file:///Users/adam/Code/testeranto/testeranto/bundles/web/core/chunk-AU3OKALL.mjs:92:14)
    at Then.butThen (file:///Users/adam/Code/testeranto/testeranto/bundles/web/core/chunk-TCOOP455.mjs:2974:36)
    at Then.test (file:///Users/adam/Code/testeranto/testeranto/bundles/web/core/chunk-TCOOP455.mjs:2718:17)
    at Given.give (file:///Users/adam/Code/testeranto/testeranto/bundles/web/core/chunk-TCOOP455.mjs:2610:34)
    at async TesterantoCore.constructor.run (file:///Users/adam/Code/testeranto/testeranto/bundles/web/core/chunk-TCOOP455.mjs:2322:20)
    at async file:///Users/adam/Code/testeranto/testeranto/bundles/web/core/chunk-TCOOP455.mjs:2782:21
    at async Object.receiveTestResourceConfig (file:///Users/adam/Code/testeranto/testeranto/bundles/web/core/chunk-TCOOP455.mjs:2813:31)
    at async WebTesteranto.receiveTestResourceConfig (file:///Users/adam/Code/testeranto/testeranto/bundles/web/core/chunk-TCOOP455.mjs:2998:12)
AssertionError: Should show test names: expected +0 to be at least 1
    at Then.thenCB (file:///Users/adam/Code/testeranto/testeranto/bundles/web/core/src/components/pure/FeaturesReporterView.test/index.mjs?cacheBust=1756046081520:85:14)
    at file:///Users/adam/Code/testeranto/testeranto/bundles/web/core/chunk-TCOOP455.mjs:2737:39
    at Object.butThen (file:///Users/adam/Code/testeranto/testeranto/bundles/web/core/chunk-AU3OKALL.mjs:92:14)
    at Then.butThen (file:///Users/adam/Code/testeranto/testeranto/bundles/web/core/chunk-TCOOP455.mjs:2974:36)
    at Then.test (file:///Users/adam/Code/testeranto/testeranto/bundles/web/core/chunk-TCOOP455.mjs:2718:17)
    at Given.give (file:///Users/adam/Code/testeranto/testeranto/bundles/web/core/chunk-TCOOP455.mjs:2610:34)
    at async TesterantoCore.constructor.run (file:///Users/adam/Code/testeranto/testeranto/bundles/web/core/chunk-TCOOP455.mjs:2322:20)
    at async file:///Users/adam/Code/testeranto/testeranto/bundles/web/core/chunk-TCOOP455.mjs:2782:21
    at async Object.receiveTestResourceConfig (file:///Users/adam/Code/testeranto/testeranto/bundles/web/core/chunk-TCOOP455.mjs:2813:31)
    at async WebTesteranto.receiveTestResourceConfig (file:///Users/adam/Code/testeranto/testeranto/bundles/web/core/chunk-TCOOP455.mjs:2998:12)
AssertionError: Should show status badges: expected +0 to be at least 1
    at Then.thenCB (file:///Users/adam/Code/testeranto/testeranto/bundles/web/core/src/components/pure/FeaturesReporterView.test/index.mjs?cacheBust=1756046081520:90:14)
    at file:///Users/adam/Code/testeranto/testeranto/bundles/web/core/chunk-TCOOP455.mjs:2737:39
    at Object.butThen (file:///Users/adam/Code/testeranto/testeranto/bundles/web/core/chunk-AU3OKALL.mjs:92:14)
    at Then.butThen (file:///Users/adam/Code/testeranto/testeranto/bundles/web/core/chunk-TCOOP455.mjs:2974:36)
    at Then.test (file:///Users/adam/Code/testeranto/testeranto/bundles/web/core/chunk-TCOOP455.mjs:2718:17)
    at Given.give (file:///Users/adam/Code/testeranto/testeranto/bundles/web/core/chunk-TCOOP455.mjs:2610:34)
    at async TesterantoCore.constructor.run (file:///Users/adam/Code/testeranto/testeranto/bundles/web/core/chunk-TCOOP455.mjs:2322:20)
    at async file:///Users/adam/Code/testeranto/testeranto/bundles/web/core/chunk-TCOOP455.mjs:2782:21
    at async Object.receiveTestResourceConfig (file:///Users/adam/Code/testeranto/testeranto/bundles/web/core/chunk-TCOOP455.mjs:2813:31)
    at async WebTesteranto.receiveTestResourceConfig (file:///Users/adam/Code/testeranto/testeranto/bundles/web/core/chunk-TCOOP455.mjs:2998:12)
TypeError: Cannot read properties of undefined (reading 'path')
    at PM_Web.customScreenShot (file:///Users/adam/Code/testeranto/testeranto/bundles/web/core/chunk-TCOOP455.mjs:2444:62)
    at Proxy.<anonymous> (file:///Users/adam/Code/testeranto/testeranto/bundles/web/core/chunk-TCOOP455.mjs:1976:32)
    at Then.thenCB (file:///Users/adam/Code/testeranto/testeranto/bundles/web/core/src/components/pure/FeaturesReporterView.test/index.mjs?cacheBust=1756046081520:100:16)
    at async file:///Users/adam/Code/testeranto/testeranto/bundles/web/core/chunk-TCOOP455.mjs:2737:28
    at async Then.butThen (file:///Users/adam/Code/testeranto/testeranto/bundles/web/core/chunk-TCOOP455.mjs:2974:18)
    at async Given.give (file:///Users/adam/Code/testeranto/testeranto/bundles/web/core/chunk-TCOOP455.mjs:2610:19)
    at async TesterantoCore.constructor.run (file:///Users/adam/Code/testeranto/testeranto/bundles/web/core/chunk-TCOOP455.mjs:2322:20)
    at async file:///Users/adam/Code/testeranto/testeranto/bundles/web/core/chunk-TCOOP455.mjs:2782:21
    at async Object.receiveTestResourceConfig (file:///Users/adam/Code/testeranto/testeranto/bundles/web/core/chunk-TCOOP455.mjs:2813:31)
    at async WebTesteranto.receiveTestResourceConfig (file:///Users/adam/Code/testeranto/testeranto/bundles/web/core/chunk-TCOOP455.mjs:2998:12)
AssertionError: Should show empty message: expected null to exist
    at Then.thenCB (file:///Users/adam/Code/testeranto/testeranto/bundles/web/core/src/components/pure/FeaturesReporterView.test/index.mjs?cacheBust=1756046081520:95:14)
    at file:///Users/adam/Code/testeranto/testeranto/bundles/web/core/chunk-TCOOP455.mjs:2737:39
    at Object.butThen (file:///Users/adam/Code/testeranto/testeranto/bundles/web/core/chunk-AU3OKALL.mjs:92:14)
    at Then.butThen (file:///Users/adam/Code/testeranto/testeranto/bundles/web/core/chunk-TCOOP455.mjs:2974:36)
    at Then.test (file:///Users/adam/Code/testeranto/testeranto/bundles/web/core/chunk-TCOOP455.mjs:2718:17)
    at Given.give (file:///Users/adam/Code/testeranto/testeranto/bundles/web/core/chunk-TCOOP455.mjs:2610:34)
    at async TesterantoCore.constructor.run (file:///Users/adam/Code/testeranto/testeranto/bundles/web/core/chunk-TCOOP455.mjs:2322:20)
    at async file:///Users/adam/Code/testeranto/testeranto/bundles/web/core/chunk-TCOOP455.mjs:2782:21
    at async Object.receiveTestResourceConfig (file:///Users/adam/Code/testeranto/testeranto/bundles/web/core/chunk-TCOOP455.mjs:2813:31)
    at async WebTesteranto.receiveTestResourceConfig (file:///Users/adam/Code/testeranto/testeranto/bundles/web/core/chunk-TCOOP455.mjs:2998:12)
