Failed to load resource: net::ERR_FILE_NOT_FOUND
AssertionError: Should show project names: expected +0 to be at least 1
    at BaseThen.thenCB (file:///Users/adam/Code/testeranto/testeranto/bundles/web/core/src/components/pure/FeaturesReporterView.test/index.mjs?cacheBust=1756573578884:73:14)
    at file:///Users/adam/Code/testeranto/testeranto/bundles/web/core/chunk-ME6I6FJZ.mjs:2741:39
    at Object.butThen (file:///Users/adam/Code/testeranto/testeranto/bundles/web/core/chunk-AZZHJNSU.mjs:23593:14)
    at BaseThen.butThen (file:///Users/adam/Code/testeranto/testeranto/bundles/web/core/chunk-ME6I6FJZ.mjs:2833:40)
    at BaseThen.test (file:///Users/adam/Code/testeranto/testeranto/bundles/web/core/chunk-ME6I6FJZ.mjs:2722:17)
    at BaseGiven.give (file:///Users/adam/Code/testeranto/testeranto/bundles/web/core/chunk-ME6I6FJZ.mjs:2605:24)
    at async BaseSuite.run (file:///Users/adam/Code/testeranto/testeranto/bundles/web/core/chunk-ME6I6FJZ.mjs:2322:20)
    at async file:///Users/adam/Code/testeranto/testeranto/bundles/web/core/chunk-ME6I6FJZ.mjs:2858:21
    at async Object.receiveTestResourceConfig (file:///Users/adam/Code/testeranto/testeranto/bundles/web/core/chunk-ME6I6FJZ.mjs:2890:31)
    at async WebTesteranto.receiveTestResourceConfig (file:///Users/adam/Code/testeranto/testeranto/bundles/web/core/chunk-ME6I6FJZ.mjs:2975:12)
AssertionError: Should show file paths: expected +0 to be at least 1
    at BaseThen.thenCB (file:///Users/adam/Code/testeranto/testeranto/bundles/web/core/src/components/pure/FeaturesReporterView.test/index.mjs?cacheBust=1756573578884:78:14)
    at file:///Users/adam/Code/testeranto/testeranto/bundles/web/core/chunk-ME6I6FJZ.mjs:2741:39
    at Object.butThen (file:///Users/adam/Code/testeranto/testeranto/bundles/web/core/chunk-AZZHJNSU.mjs:23593:14)
    at BaseThen.butThen (file:///Users/adam/Code/testeranto/testeranto/bundles/web/core/chunk-ME6I6FJZ.mjs:2833:40)
    at BaseThen.test (file:///Users/adam/Code/testeranto/testeranto/bundles/web/core/chunk-ME6I6FJZ.mjs:2722:17)
    at BaseGiven.give (file:///Users/adam/Code/testeranto/testeranto/bundles/web/core/chunk-ME6I6FJZ.mjs:2605:24)
    at async BaseSuite.run (file:///Users/adam/Code/testeranto/testeranto/bundles/web/core/chunk-ME6I6FJZ.mjs:2322:20)
    at async file:///Users/adam/Code/testeranto/testeranto/bundles/web/core/chunk-ME6I6FJZ.mjs:2858:21
    at async Object.receiveTestResourceConfig (file:///Users/adam/Code/testeranto/testeranto/bundles/web/core/chunk-ME6I6FJZ.mjs:2890:31)
    at async WebTesteranto.receiveTestResourceConfig (file:///Users/adam/Code/testeranto/testeranto/bundles/web/core/chunk-ME6I6FJZ.mjs:2975:12)
AssertionError: Should show test names: expected +0 to be at least 1
    at BaseThen.thenCB (file:///Users/adam/Code/testeranto/testeranto/bundles/web/core/src/components/pure/FeaturesReporterView.test/index.mjs?cacheBust=1756573578884:83:14)
    at file:///Users/adam/Code/testeranto/testeranto/bundles/web/core/chunk-ME6I6FJZ.mjs:2741:39
    at Object.butThen (file:///Users/adam/Code/testeranto/testeranto/bundles/web/core/chunk-AZZHJNSU.mjs:23593:14)
    at BaseThen.butThen (file:///Users/adam/Code/testeranto/testeranto/bundles/web/core/chunk-ME6I6FJZ.mjs:2833:40)
    at BaseThen.test (file:///Users/adam/Code/testeranto/testeranto/bundles/web/core/chunk-ME6I6FJZ.mjs:2722:17)
    at BaseGiven.give (file:///Users/adam/Code/testeranto/testeranto/bundles/web/core/chunk-ME6I6FJZ.mjs:2605:24)
    at async BaseSuite.run (file:///Users/adam/Code/testeranto/testeranto/bundles/web/core/chunk-ME6I6FJZ.mjs:2322:20)
    at async file:///Users/adam/Code/testeranto/testeranto/bundles/web/core/chunk-ME6I6FJZ.mjs:2858:21
    at async Object.receiveTestResourceConfig (file:///Users/adam/Code/testeranto/testeranto/bundles/web/core/chunk-ME6I6FJZ.mjs:2890:31)
    at async WebTesteranto.receiveTestResourceConfig (file:///Users/adam/Code/testeranto/testeranto/bundles/web/core/chunk-ME6I6FJZ.mjs:2975:12)
AssertionError: Should show status badges: expected +0 to be at least 1
    at BaseThen.thenCB (file:///Users/adam/Code/testeranto/testeranto/bundles/web/core/src/components/pure/FeaturesReporterView.test/index.mjs?cacheBust=1756573578884:88:14)
    at file:///Users/adam/Code/testeranto/testeranto/bundles/web/core/chunk-ME6I6FJZ.mjs:2741:39
    at Object.butThen (file:///Users/adam/Code/testeranto/testeranto/bundles/web/core/chunk-AZZHJNSU.mjs:23593:14)
    at BaseThen.butThen (file:///Users/adam/Code/testeranto/testeranto/bundles/web/core/chunk-ME6I6FJZ.mjs:2833:40)
    at BaseThen.test (file:///Users/adam/Code/testeranto/testeranto/bundles/web/core/chunk-ME6I6FJZ.mjs:2722:17)
    at BaseGiven.give (file:///Users/adam/Code/testeranto/testeranto/bundles/web/core/chunk-ME6I6FJZ.mjs:2605:24)
    at async BaseSuite.run (file:///Users/adam/Code/testeranto/testeranto/bundles/web/core/chunk-ME6I6FJZ.mjs:2322:20)
    at async file:///Users/adam/Code/testeranto/testeranto/bundles/web/core/chunk-ME6I6FJZ.mjs:2858:21
    at async Object.receiveTestResourceConfig (file:///Users/adam/Code/testeranto/testeranto/bundles/web/core/chunk-ME6I6FJZ.mjs:2890:31)
    at async WebTesteranto.receiveTestResourceConfig (file:///Users/adam/Code/testeranto/testeranto/bundles/web/core/chunk-ME6I6FJZ.mjs:2975:12)
TypeError: Cannot read properties of undefined (reading 'path')
    at PM_Web.customScreenShot (file:///Users/adam/Code/testeranto/testeranto/bundles/web/core/chunk-ME6I6FJZ.mjs:2442:62)
    at Proxy.<anonymous> (file:///Users/adam/Code/testeranto/testeranto/bundles/web/core/chunk-ME6I6FJZ.mjs:1976:32)
    at BaseThen.thenCB (file:///Users/adam/Code/testeranto/testeranto/bundles/web/core/src/components/pure/FeaturesReporterView.test/index.mjs?cacheBust=1756573578884:98:16)
    at async file:///Users/adam/Code/testeranto/testeranto/bundles/web/core/chunk-ME6I6FJZ.mjs:2741:28
    at async BaseThen.butThen (file:///Users/adam/Code/testeranto/testeranto/bundles/web/core/chunk-ME6I6FJZ.mjs:2833:22)
    at async BaseGiven.give (file:///Users/adam/Code/testeranto/testeranto/bundles/web/core/chunk-ME6I6FJZ.mjs:2605:9)
    at async BaseSuite.run (file:///Users/adam/Code/testeranto/testeranto/bundles/web/core/chunk-ME6I6FJZ.mjs:2322:20)
    at async file:///Users/adam/Code/testeranto/testeranto/bundles/web/core/chunk-ME6I6FJZ.mjs:2858:21
    at async Object.receiveTestResourceConfig (file:///Users/adam/Code/testeranto/testeranto/bundles/web/core/chunk-ME6I6FJZ.mjs:2890:31)
    at async WebTesteranto.receiveTestResourceConfig (file:///Users/adam/Code/testeranto/testeranto/bundles/web/core/chunk-ME6I6FJZ.mjs:2975:12)
AssertionError: Should show empty message: expected null to exist
    at BaseThen.thenCB (file:///Users/adam/Code/testeranto/testeranto/bundles/web/core/src/components/pure/FeaturesReporterView.test/index.mjs?cacheBust=1756573578884:93:14)
    at file:///Users/adam/Code/testeranto/testeranto/bundles/web/core/chunk-ME6I6FJZ.mjs:2741:39
    at Object.butThen (file:///Users/adam/Code/testeranto/testeranto/bundles/web/core/chunk-AZZHJNSU.mjs:23593:14)
    at BaseThen.butThen (file:///Users/adam/Code/testeranto/testeranto/bundles/web/core/chunk-ME6I6FJZ.mjs:2833:40)
    at BaseThen.test (file:///Users/adam/Code/testeranto/testeranto/bundles/web/core/chunk-ME6I6FJZ.mjs:2722:17)
    at BaseGiven.give (file:///Users/adam/Code/testeranto/testeranto/bundles/web/core/chunk-ME6I6FJZ.mjs:2605:24)
    at async BaseSuite.run (file:///Users/adam/Code/testeranto/testeranto/bundles/web/core/chunk-ME6I6FJZ.mjs:2322:20)
    at async file:///Users/adam/Code/testeranto/testeranto/bundles/web/core/chunk-ME6I6FJZ.mjs:2858:21
    at async Object.receiveTestResourceConfig (file:///Users/adam/Code/testeranto/testeranto/bundles/web/core/chunk-ME6I6FJZ.mjs:2890:31)
    at async WebTesteranto.receiveTestResourceConfig (file:///Users/adam/Code/testeranto/testeranto/bundles/web/core/chunk-ME6I6FJZ.mjs:2975:12)
